{"/Users/juliantheuma/Code/WeatherWear/Frontend/app.js": {"path":"/Users/juliantheuma/Code/WeatherWear/Frontend/app.js","statementMap":{"0":{"start":{"line":1,"column":17},"end":{"line":1,"column":44}},"1":{"start":{"line":2,"column":0},"end":{"line":2,"column":11}},"2":{"start":{"line":6,"column":4},"end":{"line":6,"column":20}},"3":{"start":{"line":7,"column":19},"end":{"line":7,"column":33}},"4":{"start":{"line":8,"column":4},"end":{"line":8,"column":26}},"5":{"start":{"line":12,"column":0},"end":{"line":12,"column":25}}},"fnMap":{"0":{"name":"startApp","decl":{"start":{"line":4,"column":9},"end":{"line":4,"column":17}},"loc":{"start":{"line":4,"column":19},"end":{"line":10,"column":1}},"line":4}},"branchMap":{},"s":{"0":1,"1":1,"2":2,"3":2,"4":2,"5":1},"f":{"0":2},"b":{},"_coverageSchema":"1a1c01bbd47fc00a2c39e90264f33305004495a9","hash":"b7aff361dbefabe451329d71651110a32d3e89ac"}
,"/Users/juliantheuma/Code/WeatherWear/Frontend/Pages/CurrentWeather.js": {"path":"/Users/juliantheuma/Code/WeatherWear/Frontend/Pages/CurrentWeather.js","statementMap":{"0":{"start":{"line":1,"column":27},"end":{"line":1,"column":43}},"1":{"start":{"line":10,"column":8},"end":{"line":10,"column":49}},"2":{"start":{"line":11,"column":26},"end":{"line":11,"column":56}},"3":{"start":{"line":13,"column":8},"end":{"line":13,"column":23}},"4":{"start":{"line":14,"column":8},"end":{"line":14,"column":53}},"5":{"start":{"line":18,"column":8},"end":{"line":23,"column":9}},"6":{"start":{"line":19,"column":22},"end":{"line":19,"column":78}},"7":{"start":{"line":20,"column":12},"end":{"line":20,"column":27}},"8":{"start":{"line":22,"column":12},"end":{"line":22,"column":23}},"9":{"start":{"line":28,"column":8},"end":{"line":48,"column":5}},"10":{"start":{"line":30,"column":8},"end":{"line":35,"column":9}},"11":{"start":{"line":31,"column":12},"end":{"line":31,"column":71}},"12":{"start":{"line":34,"column":12},"end":{"line":34,"column":72}},"13":{"start":{"line":37,"column":8},"end":{"line":42,"column":9}},"14":{"start":{"line":38,"column":12},"end":{"line":38,"column":78}},"15":{"start":{"line":41,"column":12},"end":{"line":41,"column":75}},"16":{"start":{"line":46,"column":8},"end":{"line":46,"column":53}},"17":{"start":{"line":53,"column":0},"end":{"line":53,"column":31}}},"fnMap":{"0":{"name":"(anonymous_0)","decl":{"start":{"line":5,"column":4},"end":{"line":5,"column":5}},"loc":{"start":{"line":5,"column":17},"end":{"line":7,"column":5}},"line":5},"1":{"name":"(anonymous_1)","decl":{"start":{"line":9,"column":4},"end":{"line":9,"column":5}},"loc":{"start":{"line":9,"column":22},"end":{"line":15,"column":5}},"line":9},"2":{"name":"(anonymous_2)","decl":{"start":{"line":17,"column":4},"end":{"line":17,"column":5}},"loc":{"start":{"line":17,"column":29},"end":{"line":24,"column":5}},"line":17},"3":{"name":"(anonymous_3)","decl":{"start":{"line":26,"column":4},"end":{"line":26,"column":5}},"loc":{"start":{"line":26,"column":44},"end":{"line":49,"column":5}},"line":26}},"branchMap":{"0":{"loc":{"start":{"line":30,"column":8},"end":{"line":35,"column":9}},"type":"if","locations":[{"start":{"line":30,"column":8},"end":{"line":35,"column":9}},{"start":{"line":33,"column":12},"end":{"line":35,"column":9}}],"line":30},"1":{"loc":{"start":{"line":37,"column":8},"end":{"line":42,"column":9}},"type":"if","locations":[{"start":{"line":37,"column":8},"end":{"line":42,"column":9}},{"start":{"line":40,"column":13},"end":{"line":42,"column":9}}],"line":37}},"s":{"0":3,"1":3,"2":3,"3":3,"4":3,"5":1,"6":1,"7":1,"8":1,"9":7,"10":7,"11":5,"12":1,"13":6,"14":4,"15":2,"16":1,"17":3},"f":{"0":7,"1":3,"2":1,"3":7},"b":{"0":[5,1],"1":[4,2]},"_coverageSchema":"1a1c01bbd47fc00a2c39e90264f33305004495a9","hash":"b33e0450da0c66c15b25046c48db3ef076529a4f"}
,"/Users/juliantheuma/Code/WeatherWear/Frontend/Pages/ForecastWeather.js": {"path":"/Users/juliantheuma/Code/WeatherWear/Frontend/Pages/ForecastWeather.js","statementMap":{"0":{"start":{"line":1,"column":17},"end":{"line":1,"column":36}},"1":{"start":{"line":2,"column":14},"end":{"line":2,"column":30}},"2":{"start":{"line":3,"column":45},"end":{"line":3,"column":92}},"3":{"start":{"line":8,"column":8},"end":{"line":11,"column":10}},"4":{"start":{"line":15,"column":8},"end":{"line":15,"column":23}},"5":{"start":{"line":16,"column":26},"end":{"line":16,"column":68}},"6":{"start":{"line":17,"column":19},"end":{"line":17,"column":54}},"7":{"start":{"line":19,"column":8},"end":{"line":19,"column":23}},"8":{"start":{"line":20,"column":8},"end":{"line":20,"column":49}},"9":{"start":{"line":21,"column":26},"end":{"line":21,"column":70}},"10":{"start":{"line":23,"column":8},"end":{"line":23,"column":23}},"11":{"start":{"line":24,"column":8},"end":{"line":24,"column":40}},"12":{"start":{"line":25,"column":8},"end":{"line":30,"column":9}},"13":{"start":{"line":26,"column":12},"end":{"line":26,"column":71}},"14":{"start":{"line":29,"column":12},"end":{"line":29,"column":72}},"15":{"start":{"line":32,"column":8},"end":{"line":37,"column":9}},"16":{"start":{"line":33,"column":12},"end":{"line":33,"column":68}},"17":{"start":{"line":36,"column":12},"end":{"line":36,"column":75}},"18":{"start":{"line":41,"column":26},"end":{"line":41,"column":56}},"19":{"start":{"line":42,"column":8},"end":{"line":49,"column":9}},"20":{"start":{"line":43,"column":12},"end":{"line":43,"column":50}},"21":{"start":{"line":44,"column":12},"end":{"line":44,"column":31}},"22":{"start":{"line":46,"column":12},"end":{"line":46,"column":39}},"23":{"start":{"line":48,"column":12},"end":{"line":48,"column":49}},"24":{"start":{"line":53,"column":19},"end":{"line":53,"column":42}},"25":{"start":{"line":54,"column":8},"end":{"line":62,"column":9}},"26":{"start":{"line":55,"column":12},"end":{"line":55,"column":41}},"27":{"start":{"line":56,"column":12},"end":{"line":56,"column":23}},"28":{"start":{"line":58,"column":12},"end":{"line":58,"column":28}},"29":{"start":{"line":59,"column":12},"end":{"line":59,"column":39}},"30":{"start":{"line":61,"column":12},"end":{"line":61,"column":42}},"31":{"start":{"line":66,"column":8},"end":{"line":72,"column":6}},"32":{"start":{"line":68,"column":8},"end":{"line":70,"column":10}},"33":{"start":{"line":69,"column":12},"end":{"line":69,"column":27}},"34":{"start":{"line":77,"column":8},"end":{"line":83,"column":10}},"35":{"start":{"line":79,"column":12},"end":{"line":81,"column":14}},"36":{"start":{"line":80,"column":16},"end":{"line":80,"column":31}},"37":{"start":{"line":88,"column":22},"end":{"line":88,"column":39}},"38":{"start":{"line":89,"column":25},"end":{"line":89,"column":50}},"39":{"start":{"line":90,"column":8},"end":{"line":92,"column":9}},"40":{"start":{"line":91,"column":12},"end":{"line":91,"column":55}},"41":{"start":{"line":96,"column":22},"end":{"line":96,"column":43}},"42":{"start":{"line":97,"column":8},"end":{"line":99,"column":9}},"43":{"start":{"line":98,"column":12},"end":{"line":98,"column":72}},"44":{"start":{"line":101,"column":35},"end":{"line":101,"column":62}},"45":{"start":{"line":103,"column":8},"end":{"line":105,"column":9}},"46":{"start":{"line":104,"column":12},"end":{"line":104,"column":49}},"47":{"start":{"line":107,"column":25},"end":{"line":107,"column":55}},"48":{"start":{"line":108,"column":8},"end":{"line":110,"column":9}},"49":{"start":{"line":109,"column":12},"end":{"line":109,"column":49}},"50":{"start":{"line":114,"column":8},"end":{"line":119,"column":10}},"51":{"start":{"line":115,"column":12},"end":{"line":118,"column":14}},"52":{"start":{"line":124,"column":0},"end":{"line":124,"column":32}}},"fnMap":{"0":{"name":"(anonymous_0)","decl":{"start":{"line":7,"column":4},"end":{"line":7,"column":5}},"loc":{"start":{"line":7,"column":18},"end":{"line":12,"column":5}},"line":7},"1":{"name":"(anonymous_1)","decl":{"start":{"line":14,"column":4},"end":{"line":14,"column":5}},"loc":{"start":{"line":14,"column":23},"end":{"line":38,"column":5}},"line":14},"2":{"name":"(anonymous_2)","decl":{"start":{"line":40,"column":4},"end":{"line":40,"column":5}},"loc":{"start":{"line":40,"column":41},"end":{"line":50,"column":5}},"line":40},"3":{"name":"(anonymous_3)","decl":{"start":{"line":52,"column":4},"end":{"line":52,"column":5}},"loc":{"start":{"line":52,"column":34},"end":{"line":63,"column":5}},"line":52},"4":{"name":"(anonymous_4)","decl":{"start":{"line":65,"column":4},"end":{"line":65,"column":5}},"loc":{"start":{"line":65,"column":29},"end":{"line":74,"column":5}},"line":65},"5":{"name":"(anonymous_5)","decl":{"start":{"line":66,"column":27},"end":{"line":66,"column":28}},"loc":{"start":{"line":66,"column":48},"end":{"line":72,"column":5}},"line":66},"6":{"name":"(anonymous_6)","decl":{"start":{"line":68,"column":58},"end":{"line":68,"column":59}},"loc":{"start":{"line":68,"column":70},"end":{"line":70,"column":9}},"line":68},"7":{"name":"(anonymous_7)","decl":{"start":{"line":76,"column":4},"end":{"line":76,"column":5}},"loc":{"start":{"line":76,"column":22},"end":{"line":84,"column":5}},"line":76},"8":{"name":"(anonymous_8)","decl":{"start":{"line":77,"column":27},"end":{"line":77,"column":28}},"loc":{"start":{"line":77,"column":48},"end":{"line":83,"column":9}},"line":77},"9":{"name":"(anonymous_9)","decl":{"start":{"line":79,"column":74},"end":{"line":79,"column":75}},"loc":{"start":{"line":79,"column":86},"end":{"line":81,"column":13}},"line":79},"10":{"name":"(anonymous_10)","decl":{"start":{"line":86,"column":4},"end":{"line":86,"column":5}},"loc":{"start":{"line":86,"column":38},"end":{"line":93,"column":5}},"line":86},"11":{"name":"(anonymous_11)","decl":{"start":{"line":95,"column":4},"end":{"line":95,"column":5}},"loc":{"start":{"line":95,"column":28},"end":{"line":111,"column":5}},"line":95},"12":{"name":"(anonymous_12)","decl":{"start":{"line":113,"column":4},"end":{"line":113,"column":5}},"loc":{"start":{"line":113,"column":43},"end":{"line":120,"column":5}},"line":113},"13":{"name":"(anonymous_13)","decl":{"start":{"line":114,"column":27},"end":{"line":114,"column":28}},"loc":{"start":{"line":114,"column":48},"end":{"line":119,"column":9}},"line":114}},"branchMap":{"0":{"loc":{"start":{"line":25,"column":8},"end":{"line":30,"column":9}},"type":"if","locations":[{"start":{"line":25,"column":8},"end":{"line":30,"column":9}},{"start":{"line":28,"column":13},"end":{"line":30,"column":9}}],"line":25},"1":{"loc":{"start":{"line":32,"column":8},"end":{"line":37,"column":9}},"type":"if","locations":[{"start":{"line":32,"column":8},"end":{"line":37,"column":9}},{"start":{"line":35,"column":12},"end":{"line":37,"column":9}}],"line":32},"2":{"loc":{"start":{"line":90,"column":8},"end":{"line":92,"column":9}},"type":"if","locations":[{"start":{"line":90,"column":8},"end":{"line":92,"column":9}},{"start":{},"end":{}}],"line":90},"3":{"loc":{"start":{"line":97,"column":8},"end":{"line":99,"column":9}},"type":"if","locations":[{"start":{"line":97,"column":8},"end":{"line":99,"column":9}},{"start":{},"end":{}}],"line":97},"4":{"loc":{"start":{"line":103,"column":8},"end":{"line":105,"column":9}},"type":"if","locations":[{"start":{"line":103,"column":8},"end":{"line":105,"column":9}},{"start":{},"end":{}}],"line":103},"5":{"loc":{"start":{"line":103,"column":12},"end":{"line":103,"column":73}},"type":"binary-expr","locations":[{"start":{"line":103,"column":12},"end":{"line":103,"column":21}},{"start":{"line":103,"column":25},"end":{"line":103,"column":35}},{"start":{"line":103,"column":39},"end":{"line":103,"column":49}},{"start":{"line":103,"column":53},"end":{"line":103,"column":61}},{"start":{"line":103,"column":65},"end":{"line":103,"column":73}}],"line":103},"6":{"loc":{"start":{"line":108,"column":8},"end":{"line":110,"column":9}},"type":"if","locations":[{"start":{"line":108,"column":8},"end":{"line":110,"column":9}},{"start":{},"end":{}}],"line":108},"7":{"loc":{"start":{"line":108,"column":12},"end":{"line":108,"column":116}},"type":"binary-expr","locations":[{"start":{"line":108,"column":12},"end":{"line":108,"column":45}},{"start":{"line":108,"column":49},"end":{"line":108,"column":84}},{"start":{"line":108,"column":88},"end":{"line":108,"column":116}}],"line":108}},"s":{"0":3,"1":3,"2":3,"3":0,"4":0,"5":0,"6":0,"7":0,"8":0,"9":0,"10":0,"11":0,"12":0,"13":0,"14":0,"15":0,"16":0,"17":0,"18":0,"19":0,"20":0,"21":0,"22":0,"23":0,"24":0,"25":0,"26":0,"27":0,"28":0,"29":0,"30":0,"31":0,"32":0,"33":0,"34":0,"35":0,"36":0,"37":0,"38":0,"39":0,"40":0,"41":0,"42":0,"43":0,"44":0,"45":0,"46":0,"47":0,"48":0,"49":0,"50":0,"51":0,"52":3},"f":{"0":0,"1":0,"2":0,"3":0,"4":0,"5":0,"6":0,"7":0,"8":0,"9":0,"10":0,"11":0,"12":0,"13":0},"b":{"0":[0,0],"1":[0,0],"2":[0,0],"3":[0,0],"4":[0,0],"5":[0,0,0,0,0],"6":[0,0],"7":[0,0,0]},"_coverageSchema":"1a1c01bbd47fc00a2c39e90264f33305004495a9","hash":"003970c1680fdb8e65689bba08d6808be0dee528"}
,"/Users/juliantheuma/Code/WeatherWear/Frontend/Pages/MainMenu.js": {"path":"/Users/juliantheuma/Code/WeatherWear/Frontend/Pages/MainMenu.js","statementMap":{"0":{"start":{"line":1,"column":18},"end":{"line":1,"column":37}},"1":{"start":{"line":2,"column":23},"end":{"line":2,"column":50}},"2":{"start":{"line":3,"column":24},"end":{"line":3,"column":52}},"3":{"start":{"line":8,"column":8},"end":{"line":11,"column":10}},"4":{"start":{"line":15,"column":8},"end":{"line":15,"column":28}},"5":{"start":{"line":16,"column":8},"end":{"line":16,"column":27}},"6":{"start":{"line":20,"column":8},"end":{"line":20,"column":38}},"7":{"start":{"line":21,"column":8},"end":{"line":21,"column":38}},"8":{"start":{"line":22,"column":8},"end":{"line":29,"column":9}},"9":{"start":{"line":33,"column":8},"end":{"line":45,"column":10}},"10":{"start":{"line":34,"column":12},"end":{"line":44,"column":13}},"11":{"start":{"line":35,"column":16},"end":{"line":35,"column":43}},"12":{"start":{"line":36,"column":16},"end":{"line":36,"column":32}},"13":{"start":{"line":37,"column":16},"end":{"line":37,"column":43}},"14":{"start":{"line":40,"column":16},"end":{"line":40,"column":32}},"15":{"start":{"line":41,"column":16},"end":{"line":41,"column":36}},"16":{"start":{"line":42,"column":16},"end":{"line":42,"column":43}},"17":{"start":{"line":43,"column":16},"end":{"line":43,"column":35}},"18":{"start":{"line":50,"column":26},"end":{"line":50,"column":45}},"19":{"start":{"line":51,"column":8},"end":{"line":56,"column":9}},"20":{"start":{"line":52,"column":12},"end":{"line":52,"column":52}},"21":{"start":{"line":54,"column":13},"end":{"line":56,"column":9}},"22":{"start":{"line":55,"column":12},"end":{"line":55,"column":60}},"23":{"start":{"line":60,"column":8},"end":{"line":60,"column":34}},"24":{"start":{"line":62,"column":8},"end":{"line":72,"column":9}},"25":{"start":{"line":63,"column":33},"end":{"line":63,"column":53}},"26":{"start":{"line":64,"column":12},"end":{"line":64,"column":40}},"27":{"start":{"line":66,"column":13},"end":{"line":72,"column":9}},"28":{"start":{"line":67,"column":34},"end":{"line":67,"column":55}},"29":{"start":{"line":68,"column":12},"end":{"line":68,"column":41}},"30":{"start":{"line":70,"column":13},"end":{"line":72,"column":9}},"31":{"start":{"line":71,"column":12},"end":{"line":71,"column":27}},"32":{"start":{"line":77,"column":0},"end":{"line":77,"column":25}}},"fnMap":{"0":{"name":"(anonymous_0)","decl":{"start":{"line":7,"column":4},"end":{"line":7,"column":5}},"loc":{"start":{"line":7,"column":17},"end":{"line":12,"column":5}},"line":7},"1":{"name":"(anonymous_1)","decl":{"start":{"line":14,"column":4},"end":{"line":14,"column":5}},"loc":{"start":{"line":14,"column":16},"end":{"line":17,"column":5}},"line":14},"2":{"name":"(anonymous_2)","decl":{"start":{"line":19,"column":4},"end":{"line":19,"column":5}},"loc":{"start":{"line":19,"column":18},"end":{"line":30,"column":5}},"line":19},"3":{"name":"(anonymous_3)","decl":{"start":{"line":32,"column":4},"end":{"line":32,"column":5}},"loc":{"start":{"line":32,"column":17},"end":{"line":46,"column":5}},"line":32},"4":{"name":"(anonymous_4)","decl":{"start":{"line":33,"column":43},"end":{"line":33,"column":44}},"loc":{"start":{"line":33,"column":55},"end":{"line":45,"column":9}},"line":33},"5":{"name":"(anonymous_5)","decl":{"start":{"line":48,"column":4},"end":{"line":48,"column":5}},"loc":{"start":{"line":48,"column":29},"end":{"line":57,"column":5}},"line":48},"6":{"name":"(anonymous_6)","decl":{"start":{"line":59,"column":4},"end":{"line":59,"column":5}},"loc":{"start":{"line":59,"column":26},"end":{"line":73,"column":5}},"line":59}},"branchMap":{"0":{"loc":{"start":{"line":51,"column":8},"end":{"line":56,"column":9}},"type":"if","locations":[{"start":{"line":51,"column":8},"end":{"line":56,"column":9}},{"start":{"line":54,"column":13},"end":{"line":56,"column":9}}],"line":51},"1":{"loc":{"start":{"line":54,"column":13},"end":{"line":56,"column":9}},"type":"if","locations":[{"start":{"line":54,"column":13},"end":{"line":56,"column":9}},{"start":{},"end":{}}],"line":54},"2":{"loc":{"start":{"line":54,"column":16},"end":{"line":54,"column":50}},"type":"binary-expr","locations":[{"start":{"line":54,"column":16},"end":{"line":54,"column":31}},{"start":{"line":54,"column":35},"end":{"line":54,"column":50}}],"line":54},"3":{"loc":{"start":{"line":62,"column":8},"end":{"line":72,"column":9}},"type":"if","locations":[{"start":{"line":62,"column":8},"end":{"line":72,"column":9}},{"start":{"line":66,"column":13},"end":{"line":72,"column":9}}],"line":62},"4":{"loc":{"start":{"line":66,"column":13},"end":{"line":72,"column":9}},"type":"if","locations":[{"start":{"line":66,"column":13},"end":{"line":72,"column":9}},{"start":{"line":70,"column":13},"end":{"line":72,"column":9}}],"line":66},"5":{"loc":{"start":{"line":70,"column":13},"end":{"line":72,"column":9}},"type":"if","locations":[{"start":{"line":70,"column":13},"end":{"line":72,"column":9}},{"start":{},"end":{}}],"line":70}},"s":{"0":2,"1":2,"2":2,"3":16,"4":2,"5":2,"6":7,"7":7,"8":7,"9":8,"10":3,"11":3,"12":1,"13":1,"14":2,"15":2,"16":2,"17":2,"18":6,"19":6,"20":1,"21":5,"22":2,"23":4,"24":4,"25":2,"26":2,"27":2,"28":1,"29":1,"30":1,"31":1,"32":2},"f":{"0":16,"1":2,"2":7,"3":8,"4":3,"5":6,"6":4},"b":{"0":[1,5],"1":[2,3],"2":[5,4],"3":[2,2],"4":[1,1],"5":[1,0]},"_coverageSchema":"1a1c01bbd47fc00a2c39e90264f33305004495a9","hash":"f6e39e83d0e7db22c01e12480e426ea34bb9e8ca"}
,"/Users/juliantheuma/Code/WeatherWear/Frontend/Tests/Stubs/Stubs_CurrentWeather.js": {"path":"/Users/juliantheuma/Code/WeatherWear/Frontend/Tests/Stubs/Stubs_CurrentWeather.js","statementMap":{"0":{"start":{"line":2,"column":4},"end":{"line":5,"column":5}},"1":{"start":{"line":9,"column":4},"end":{"line":12,"column":5}},"2":{"start":{"line":16,"column":4},"end":{"line":19,"column":5}},"3":{"start":{"line":23,"column":4},"end":{"line":26,"column":5}},"4":{"start":{"line":29,"column":0},"end":{"line":34,"column":1}}},"fnMap":{"0":{"name":"stub_always_cold_and_rainy","decl":{"start":{"line":1,"column":9},"end":{"line":1,"column":35}},"loc":{"start":{"line":1,"column":37},"end":{"line":6,"column":1}},"line":1},"1":{"name":"stub_always_cold_and_not_rainy","decl":{"start":{"line":8,"column":9},"end":{"line":8,"column":39}},"loc":{"start":{"line":8,"column":41},"end":{"line":13,"column":1}},"line":8},"2":{"name":"stub_not_cold_and_always_rainy","decl":{"start":{"line":15,"column":9},"end":{"line":15,"column":39}},"loc":{"start":{"line":15,"column":41},"end":{"line":20,"column":1}},"line":15},"3":{"name":"stub_not_cold_and_not_rainy","decl":{"start":{"line":22,"column":9},"end":{"line":22,"column":36}},"loc":{"start":{"line":22,"column":38},"end":{"line":27,"column":1}},"line":22}},"branchMap":{},"s":{"0":3,"1":2,"2":1,"3":0,"4":1},"f":{"0":3,"1":2,"2":1,"3":0},"b":{},"_coverageSchema":"1a1c01bbd47fc00a2c39e90264f33305004495a9","hash":"9691a28c8ef80a367342160a921666e440a05fa9"}
,"/Users/juliantheuma/Code/WeatherWear/Frontend/Tests/Stubs/Stubs_ForecastWeather.js": {"path":"/Users/juliantheuma/Code/WeatherWear/Frontend/Tests/Stubs/Stubs_ForecastWeather.js","statementMap":{"0":{"start":{"line":3,"column":4},"end":{"line":5,"column":6}},"1":{"start":{"line":10,"column":4},"end":{"line":29,"column":7}}},"fnMap":{"0":{"name":"stub_airport_code_response_invalid","decl":{"start":{"line":1,"column":10},"end":{"line":1,"column":44}},"loc":{"start":{"line":1,"column":46},"end":{"line":7,"column":1}},"line":1},"1":{"name":"stub_airport_code_response_valid","decl":{"start":{"line":9,"column":9},"end":{"line":9,"column":41}},"loc":{"start":{"line":9,"column":43},"end":{"line":30,"column":1}},"line":9}},"branchMap":{},"s":{"0":0,"1":0},"f":{"0":0,"1":0},"b":{},"_coverageSchema":"1a1c01bbd47fc00a2c39e90264f33305004495a9","hash":"f17b705850cabaebe5ad317d27cd096951782a2f"}
,"/Users/juliantheuma/Code/WeatherWear/Frontend/Tests/Stubs/Stubs_MainMenu.js": {"path":"/Users/juliantheuma/Code/WeatherWear/Frontend/Tests/Stubs/Stubs_MainMenu.js","statementMap":{"0":{"start":{"line":2,"column":4},"end":{"line":2,"column":44}},"1":{"start":{"line":6,"column":4},"end":{"line":6,"column":52}},"2":{"start":{"line":9,"column":0},"end":{"line":14,"column":1}}},"fnMap":{"0":{"name":"stubUserInputIsNotANumber","decl":{"start":{"line":1,"column":9},"end":{"line":1,"column":34}},"loc":{"start":{"line":1,"column":37},"end":{"line":3,"column":1}},"line":1},"1":{"name":"stubUserInputMustBeANumberFromOneToThree","decl":{"start":{"line":5,"column":9},"end":{"line":5,"column":49}},"loc":{"start":{"line":5,"column":52},"end":{"line":7,"column":1}},"line":5}},"branchMap":{},"s":{"0":2,"1":0,"2":1},"f":{"0":2,"1":0},"b":{},"_coverageSchema":"1a1c01bbd47fc00a2c39e90264f33305004495a9","hash":"c7e61f15f730ac09d40edb3dd0bd0d85741b16f5"}
}
