{"/Users/juliantheuma/Documents/GitHub/Unit-Testing-Assignment/Frontend/app.js": {"path":"/Users/juliantheuma/Documents/GitHub/Unit-Testing-Assignment/Frontend/app.js","statementMap":{"0":{"start":{"line":1,"column":17},"end":{"line":1,"column":44}},"1":{"start":{"line":2,"column":0},"end":{"line":2,"column":11}},"2":{"start":{"line":6,"column":4},"end":{"line":6,"column":20}},"3":{"start":{"line":7,"column":19},"end":{"line":7,"column":33}},"4":{"start":{"line":8,"column":4},"end":{"line":8,"column":26}},"5":{"start":{"line":12,"column":0},"end":{"line":12,"column":25}}},"fnMap":{"0":{"name":"startApp","decl":{"start":{"line":4,"column":9},"end":{"line":4,"column":17}},"loc":{"start":{"line":4,"column":19},"end":{"line":10,"column":1}},"line":4}},"branchMap":{},"s":{"0":1,"1":1,"2":2,"3":2,"4":2,"5":1},"f":{"0":2},"b":{},"_coverageSchema":"1a1c01bbd47fc00a2c39e90264f33305004495a9","hash":"909c9ba6a962a3b0e34e3752964ae9bacb6802de"}
,"/Users/juliantheuma/Documents/GitHub/Unit-Testing-Assignment/Frontend/Pages/CurrentWeather.js": {"path":"/Users/juliantheuma/Documents/GitHub/Unit-Testing-Assignment/Frontend/Pages/CurrentWeather.js","statementMap":{"0":{"start":{"line":1,"column":27},"end":{"line":1,"column":43}},"1":{"start":{"line":10,"column":8},"end":{"line":10,"column":49}},"2":{"start":{"line":11,"column":26},"end":{"line":11,"column":56}},"3":{"start":{"line":13,"column":8},"end":{"line":13,"column":23}},"4":{"start":{"line":14,"column":8},"end":{"line":14,"column":53}},"5":{"start":{"line":18,"column":8},"end":{"line":23,"column":9}},"6":{"start":{"line":19,"column":22},"end":{"line":19,"column":78}},"7":{"start":{"line":20,"column":12},"end":{"line":20,"column":27}},"8":{"start":{"line":22,"column":12},"end":{"line":22,"column":23}},"9":{"start":{"line":28,"column":8},"end":{"line":48,"column":5}},"10":{"start":{"line":30,"column":8},"end":{"line":35,"column":9}},"11":{"start":{"line":31,"column":12},"end":{"line":31,"column":71}},"12":{"start":{"line":34,"column":12},"end":{"line":34,"column":72}},"13":{"start":{"line":37,"column":8},"end":{"line":42,"column":9}},"14":{"start":{"line":38,"column":12},"end":{"line":38,"column":78}},"15":{"start":{"line":41,"column":12},"end":{"line":41,"column":75}},"16":{"start":{"line":46,"column":8},"end":{"line":46,"column":53}},"17":{"start":{"line":53,"column":0},"end":{"line":53,"column":31}}},"fnMap":{"0":{"name":"(anonymous_0)","decl":{"start":{"line":5,"column":4},"end":{"line":5,"column":5}},"loc":{"start":{"line":5,"column":17},"end":{"line":7,"column":5}},"line":5},"1":{"name":"(anonymous_1)","decl":{"start":{"line":9,"column":4},"end":{"line":9,"column":5}},"loc":{"start":{"line":9,"column":22},"end":{"line":15,"column":5}},"line":9},"2":{"name":"(anonymous_2)","decl":{"start":{"line":17,"column":4},"end":{"line":17,"column":5}},"loc":{"start":{"line":17,"column":29},"end":{"line":24,"column":5}},"line":17},"3":{"name":"(anonymous_3)","decl":{"start":{"line":26,"column":4},"end":{"line":26,"column":5}},"loc":{"start":{"line":26,"column":44},"end":{"line":49,"column":5}},"line":26}},"branchMap":{"0":{"loc":{"start":{"line":30,"column":8},"end":{"line":35,"column":9}},"type":"if","locations":[{"start":{"line":30,"column":8},"end":{"line":35,"column":9}},{"start":{"line":33,"column":12},"end":{"line":35,"column":9}}],"line":30},"1":{"loc":{"start":{"line":37,"column":8},"end":{"line":42,"column":9}},"type":"if","locations":[{"start":{"line":37,"column":8},"end":{"line":42,"column":9}},{"start":{"line":40,"column":13},"end":{"line":42,"column":9}}],"line":37}},"s":{"0":3,"1":3,"2":3,"3":3,"4":3,"5":1,"6":1,"7":1,"8":1,"9":7,"10":7,"11":5,"12":1,"13":6,"14":4,"15":2,"16":1,"17":3},"f":{"0":7,"1":3,"2":1,"3":7},"b":{"0":[5,1],"1":[4,2]},"_coverageSchema":"1a1c01bbd47fc00a2c39e90264f33305004495a9","hash":"dedeb92b59287cc46c0dc0dee98a7216d6613aee"}
,"/Users/juliantheuma/Documents/GitHub/Unit-Testing-Assignment/Frontend/Pages/ForecastWeather.js": {"path":"/Users/juliantheuma/Documents/GitHub/Unit-Testing-Assignment/Frontend/Pages/ForecastWeather.js","statementMap":{"0":{"start":{"line":1,"column":17},"end":{"line":1,"column":36}},"1":{"start":{"line":2,"column":14},"end":{"line":2,"column":30}},"2":{"start":{"line":3,"column":45},"end":{"line":3,"column":92}},"3":{"start":{"line":8,"column":8},"end":{"line":11,"column":10}},"4":{"start":{"line":15,"column":8},"end":{"line":29,"column":5}},"5":{"start":{"line":17,"column":8},"end":{"line":17,"column":23}},"6":{"start":{"line":18,"column":26},"end":{"line":18,"column":68}},"7":{"start":{"line":19,"column":19},"end":{"line":19,"column":54}},"8":{"start":{"line":21,"column":8},"end":{"line":21,"column":23}},"9":{"start":{"line":22,"column":8},"end":{"line":22,"column":49}},"10":{"start":{"line":23,"column":26},"end":{"line":23,"column":70}},"11":{"start":{"line":24,"column":8},"end":{"line":24,"column":50}},"12":{"start":{"line":28,"column":12},"end":{"line":28,"column":45}},"13":{"start":{"line":33,"column":8},"end":{"line":35,"column":17}},"14":{"start":{"line":34,"column":12},"end":{"line":34,"column":30}},"15":{"start":{"line":39,"column":8},"end":{"line":39,"column":23}},"16":{"start":{"line":40,"column":8},"end":{"line":40,"column":40}},"17":{"start":{"line":42,"column":8},"end":{"line":47,"column":9}},"18":{"start":{"line":43,"column":12},"end":{"line":43,"column":71}},"19":{"start":{"line":46,"column":12},"end":{"line":46,"column":72}},"20":{"start":{"line":49,"column":8},"end":{"line":54,"column":9}},"21":{"start":{"line":50,"column":12},"end":{"line":50,"column":68}},"22":{"start":{"line":53,"column":12},"end":{"line":53,"column":75}},"23":{"start":{"line":58,"column":26},"end":{"line":58,"column":56}},"24":{"start":{"line":59,"column":8},"end":{"line":66,"column":9}},"25":{"start":{"line":60,"column":12},"end":{"line":60,"column":50}},"26":{"start":{"line":61,"column":12},"end":{"line":61,"column":31}},"27":{"start":{"line":63,"column":12},"end":{"line":63,"column":39}},"28":{"start":{"line":65,"column":12},"end":{"line":65,"column":62}},"29":{"start":{"line":70,"column":19},"end":{"line":70,"column":42}},"30":{"start":{"line":71,"column":8},"end":{"line":71,"column":25}},"31":{"start":{"line":72,"column":8},"end":{"line":79,"column":9}},"32":{"start":{"line":73,"column":12},"end":{"line":73,"column":41}},"33":{"start":{"line":74,"column":12},"end":{"line":74,"column":23}},"34":{"start":{"line":76,"column":12},"end":{"line":76,"column":39}},"35":{"start":{"line":78,"column":12},"end":{"line":78,"column":55}},"36":{"start":{"line":83,"column":8},"end":{"line":89,"column":6}},"37":{"start":{"line":85,"column":8},"end":{"line":87,"column":10}},"38":{"start":{"line":86,"column":12},"end":{"line":86,"column":27}},"39":{"start":{"line":94,"column":8},"end":{"line":100,"column":10}},"40":{"start":{"line":96,"column":12},"end":{"line":98,"column":14}},"41":{"start":{"line":97,"column":16},"end":{"line":97,"column":31}},"42":{"start":{"line":105,"column":22},"end":{"line":105,"column":39}},"43":{"start":{"line":106,"column":25},"end":{"line":106,"column":50}},"44":{"start":{"line":107,"column":8},"end":{"line":109,"column":9}},"45":{"start":{"line":108,"column":12},"end":{"line":108,"column":55}},"46":{"start":{"line":113,"column":8},"end":{"line":113,"column":25}},"47":{"start":{"line":115,"column":8},"end":{"line":117,"column":9}},"48":{"start":{"line":116,"column":12},"end":{"line":116,"column":48}},"49":{"start":{"line":118,"column":22},"end":{"line":118,"column":43}},"50":{"start":{"line":119,"column":8},"end":{"line":122,"column":9}},"51":{"start":{"line":120,"column":12},"end":{"line":120,"column":39}},"52":{"start":{"line":121,"column":12},"end":{"line":121,"column":72}},"53":{"start":{"line":124,"column":35},"end":{"line":124,"column":62}},"54":{"start":{"line":126,"column":8},"end":{"line":128,"column":9}},"55":{"start":{"line":127,"column":12},"end":{"line":127,"column":49}},"56":{"start":{"line":130,"column":25},"end":{"line":130,"column":55}},"57":{"start":{"line":131,"column":8},"end":{"line":133,"column":9}},"58":{"start":{"line":132,"column":12},"end":{"line":132,"column":49}},"59":{"start":{"line":138,"column":8},"end":{"line":156,"column":9}},"60":{"start":{"line":140,"column":25},"end":{"line":140,"column":131}},"61":{"start":{"line":141,"column":12},"end":{"line":151,"column":13}},"62":{"start":{"line":145,"column":12},"end":{"line":145,"column":30}},"63":{"start":{"line":150,"column":16},"end":{"line":150,"column":64}},"64":{"start":{"line":155,"column":12},"end":{"line":155,"column":60}},"65":{"start":{"line":161,"column":0},"end":{"line":161,"column":32}}},"fnMap":{"0":{"name":"(anonymous_0)","decl":{"start":{"line":7,"column":4},"end":{"line":7,"column":5}},"loc":{"start":{"line":7,"column":18},"end":{"line":12,"column":5}},"line":7},"1":{"name":"(anonymous_1)","decl":{"start":{"line":14,"column":4},"end":{"line":14,"column":5}},"loc":{"start":{"line":14,"column":23},"end":{"line":30,"column":5}},"line":14},"2":{"name":"(anonymous_2)","decl":{"start":{"line":32,"column":4},"end":{"line":32,"column":5}},"loc":{"start":{"line":32,"column":32},"end":{"line":36,"column":5}},"line":32},"3":{"name":"(anonymous_3)","decl":{"start":{"line":33,"column":19},"end":{"line":33,"column":20}},"loc":{"start":{"line":33,"column":25},"end":{"line":35,"column":9}},"line":33},"4":{"name":"(anonymous_4)","decl":{"start":{"line":38,"column":4},"end":{"line":38,"column":5}},"loc":{"start":{"line":38,"column":41},"end":{"line":55,"column":5}},"line":38},"5":{"name":"(anonymous_5)","decl":{"start":{"line":57,"column":4},"end":{"line":57,"column":5}},"loc":{"start":{"line":57,"column":41},"end":{"line":67,"column":5}},"line":57},"6":{"name":"(anonymous_6)","decl":{"start":{"line":69,"column":4},"end":{"line":69,"column":5}},"loc":{"start":{"line":69,"column":34},"end":{"line":80,"column":5}},"line":69},"7":{"name":"(anonymous_7)","decl":{"start":{"line":82,"column":4},"end":{"line":82,"column":5}},"loc":{"start":{"line":82,"column":29},"end":{"line":91,"column":5}},"line":82},"8":{"name":"(anonymous_8)","decl":{"start":{"line":83,"column":27},"end":{"line":83,"column":28}},"loc":{"start":{"line":83,"column":48},"end":{"line":89,"column":5}},"line":83},"9":{"name":"(anonymous_9)","decl":{"start":{"line":85,"column":66},"end":{"line":85,"column":67}},"loc":{"start":{"line":85,"column":78},"end":{"line":87,"column":9}},"line":85},"10":{"name":"(anonymous_10)","decl":{"start":{"line":93,"column":4},"end":{"line":93,"column":5}},"loc":{"start":{"line":93,"column":22},"end":{"line":101,"column":5}},"line":93},"11":{"name":"(anonymous_11)","decl":{"start":{"line":94,"column":27},"end":{"line":94,"column":28}},"loc":{"start":{"line":94,"column":48},"end":{"line":100,"column":9}},"line":94},"12":{"name":"(anonymous_12)","decl":{"start":{"line":96,"column":74},"end":{"line":96,"column":75}},"loc":{"start":{"line":96,"column":86},"end":{"line":98,"column":13}},"line":96},"13":{"name":"(anonymous_13)","decl":{"start":{"line":103,"column":4},"end":{"line":103,"column":5}},"loc":{"start":{"line":103,"column":38},"end":{"line":110,"column":5}},"line":103},"14":{"name":"(anonymous_14)","decl":{"start":{"line":112,"column":4},"end":{"line":112,"column":5}},"loc":{"start":{"line":112,"column":28},"end":{"line":134,"column":5}},"line":112},"15":{"name":"(anonymous_15)","decl":{"start":{"line":136,"column":4},"end":{"line":136,"column":5}},"loc":{"start":{"line":136,"column":43},"end":{"line":157,"column":5}},"line":136}},"branchMap":{"0":{"loc":{"start":{"line":42,"column":8},"end":{"line":47,"column":9}},"type":"if","locations":[{"start":{"line":42,"column":8},"end":{"line":47,"column":9}},{"start":{"line":45,"column":13},"end":{"line":47,"column":9}}],"line":42},"1":{"loc":{"start":{"line":49,"column":8},"end":{"line":54,"column":9}},"type":"if","locations":[{"start":{"line":49,"column":8},"end":{"line":54,"column":9}},{"start":{"line":52,"column":12},"end":{"line":54,"column":9}}],"line":49},"2":{"loc":{"start":{"line":107,"column":8},"end":{"line":109,"column":9}},"type":"if","locations":[{"start":{"line":107,"column":8},"end":{"line":109,"column":9}},{"start":{},"end":{}}],"line":107},"3":{"loc":{"start":{"line":107,"column":11},"end":{"line":107,"column":39}},"type":"binary-expr","locations":[{"start":{"line":107,"column":11},"end":{"line":107,"column":21}},{"start":{"line":107,"column":25},"end":{"line":107,"column":39}}],"line":107},"4":{"loc":{"start":{"line":115,"column":8},"end":{"line":117,"column":9}},"type":"if","locations":[{"start":{"line":115,"column":8},"end":{"line":117,"column":9}},{"start":{},"end":{}}],"line":115},"5":{"loc":{"start":{"line":119,"column":8},"end":{"line":122,"column":9}},"type":"if","locations":[{"start":{"line":119,"column":8},"end":{"line":122,"column":9}},{"start":{},"end":{}}],"line":119},"6":{"loc":{"start":{"line":126,"column":8},"end":{"line":128,"column":9}},"type":"if","locations":[{"start":{"line":126,"column":8},"end":{"line":128,"column":9}},{"start":{},"end":{}}],"line":126},"7":{"loc":{"start":{"line":126,"column":12},"end":{"line":126,"column":73}},"type":"binary-expr","locations":[{"start":{"line":126,"column":12},"end":{"line":126,"column":21}},{"start":{"line":126,"column":25},"end":{"line":126,"column":35}},{"start":{"line":126,"column":39},"end":{"line":126,"column":49}},{"start":{"line":126,"column":53},"end":{"line":126,"column":61}},{"start":{"line":126,"column":65},"end":{"line":126,"column":73}}],"line":126},"8":{"loc":{"start":{"line":131,"column":8},"end":{"line":133,"column":9}},"type":"if","locations":[{"start":{"line":131,"column":8},"end":{"line":133,"column":9}},{"start":{},"end":{}}],"line":131},"9":{"loc":{"start":{"line":131,"column":12},"end":{"line":131,"column":116}},"type":"binary-expr","locations":[{"start":{"line":131,"column":12},"end":{"line":131,"column":45}},{"start":{"line":131,"column":49},"end":{"line":131,"column":84}},{"start":{"line":131,"column":88},"end":{"line":131,"column":116}}],"line":131},"10":{"loc":{"start":{"line":141,"column":12},"end":{"line":151,"column":13}},"type":"if","locations":[{"start":{"line":141,"column":12},"end":{"line":151,"column":13}},{"start":{"line":149,"column":17},"end":{"line":151,"column":13}}],"line":141},"11":{"loc":{"start":{"line":141,"column":15},"end":{"line":143,"column":90}},"type":"binary-expr","locations":[{"start":{"line":141,"column":15},"end":{"line":141,"column":26}},{"start":{"line":142,"column":17},"end":{"line":142,"column":44}},{"start":{"line":142,"column":48},"end":{"line":142,"column":80}},{"start":{"line":143,"column":20},"end":{"line":143,"column":50}},{"start":{"line":143,"column":54},"end":{"line":143,"column":89}}],"line":141}},"s":{"0":3,"1":3,"2":3,"3":37,"4":4,"5":4,"6":4,"7":3,"8":2,"9":2,"10":2,"11":2,"12":1,"13":2,"14":1,"15":8,"16":8,"17":8,"18":4,"19":4,"20":8,"21":3,"22":5,"23":7,"24":6,"25":6,"26":3,"27":3,"28":3,"29":6,"30":6,"31":6,"32":6,"33":3,"34":3,"35":3,"36":3,"37":3,"38":1,"39":2,"40":2,"41":1,"42":8,"43":8,"44":8,"45":7,"46":14,"47":14,"48":2,"49":12,"50":12,"51":2,"52":2,"53":10,"54":10,"55":4,"56":6,"57":6,"58":3,"59":5,"60":5,"61":4,"62":2,"63":2,"64":3,"65":3},"f":{"0":37,"1":4,"2":2,"3":1,"4":8,"5":7,"6":6,"7":3,"8":3,"9":1,"10":2,"11":2,"12":1,"13":8,"14":14,"15":5},"b":{"0":[4,4],"1":[3,5],"2":[7,1],"3":[8,2],"4":[2,12],"5":[2,10],"6":[4,6],"7":[10,10,9,8,7],"8":[3,3],"9":[6,6,3],"10":[2,2],"11":[4,3,3,3,3]},"_coverageSchema":"1a1c01bbd47fc00a2c39e90264f33305004495a9","hash":"475c32654e067b0cf6e76d698dc45275ab299a00"}
,"/Users/juliantheuma/Documents/GitHub/Unit-Testing-Assignment/Frontend/Pages/MainMenu.js": {"path":"/Users/juliantheuma/Documents/GitHub/Unit-Testing-Assignment/Frontend/Pages/MainMenu.js","statementMap":{"0":{"start":{"line":1,"column":18},"end":{"line":1,"column":37}},"1":{"start":{"line":2,"column":23},"end":{"line":2,"column":50}},"2":{"start":{"line":3,"column":24},"end":{"line":3,"column":52}},"3":{"start":{"line":8,"column":8},"end":{"line":11,"column":10}},"4":{"start":{"line":15,"column":8},"end":{"line":15,"column":28}},"5":{"start":{"line":16,"column":8},"end":{"line":16,"column":27}},"6":{"start":{"line":20,"column":8},"end":{"line":20,"column":38}},"7":{"start":{"line":21,"column":8},"end":{"line":21,"column":38}},"8":{"start":{"line":22,"column":8},"end":{"line":29,"column":9}},"9":{"start":{"line":33,"column":8},"end":{"line":45,"column":10}},"10":{"start":{"line":34,"column":12},"end":{"line":44,"column":13}},"11":{"start":{"line":35,"column":16},"end":{"line":35,"column":43}},"12":{"start":{"line":36,"column":16},"end":{"line":36,"column":32}},"13":{"start":{"line":37,"column":16},"end":{"line":37,"column":43}},"14":{"start":{"line":40,"column":16},"end":{"line":40,"column":32}},"15":{"start":{"line":41,"column":16},"end":{"line":41,"column":36}},"16":{"start":{"line":42,"column":16},"end":{"line":42,"column":43}},"17":{"start":{"line":43,"column":16},"end":{"line":43,"column":35}},"18":{"start":{"line":50,"column":26},"end":{"line":50,"column":45}},"19":{"start":{"line":51,"column":8},"end":{"line":56,"column":9}},"20":{"start":{"line":52,"column":12},"end":{"line":52,"column":52}},"21":{"start":{"line":54,"column":13},"end":{"line":56,"column":9}},"22":{"start":{"line":55,"column":12},"end":{"line":55,"column":60}},"23":{"start":{"line":60,"column":8},"end":{"line":60,"column":34}},"24":{"start":{"line":62,"column":8},"end":{"line":72,"column":9}},"25":{"start":{"line":63,"column":33},"end":{"line":63,"column":53}},"26":{"start":{"line":64,"column":12},"end":{"line":64,"column":40}},"27":{"start":{"line":66,"column":13},"end":{"line":72,"column":9}},"28":{"start":{"line":67,"column":34},"end":{"line":67,"column":55}},"29":{"start":{"line":68,"column":12},"end":{"line":68,"column":41}},"30":{"start":{"line":70,"column":13},"end":{"line":72,"column":9}},"31":{"start":{"line":71,"column":12},"end":{"line":71,"column":27}},"32":{"start":{"line":77,"column":0},"end":{"line":77,"column":25}}},"fnMap":{"0":{"name":"(anonymous_0)","decl":{"start":{"line":7,"column":4},"end":{"line":7,"column":5}},"loc":{"start":{"line":7,"column":17},"end":{"line":12,"column":5}},"line":7},"1":{"name":"(anonymous_1)","decl":{"start":{"line":14,"column":4},"end":{"line":14,"column":5}},"loc":{"start":{"line":14,"column":16},"end":{"line":17,"column":5}},"line":14},"2":{"name":"(anonymous_2)","decl":{"start":{"line":19,"column":4},"end":{"line":19,"column":5}},"loc":{"start":{"line":19,"column":18},"end":{"line":30,"column":5}},"line":19},"3":{"name":"(anonymous_3)","decl":{"start":{"line":32,"column":4},"end":{"line":32,"column":5}},"loc":{"start":{"line":32,"column":17},"end":{"line":46,"column":5}},"line":32},"4":{"name":"(anonymous_4)","decl":{"start":{"line":33,"column":43},"end":{"line":33,"column":44}},"loc":{"start":{"line":33,"column":55},"end":{"line":45,"column":9}},"line":33},"5":{"name":"(anonymous_5)","decl":{"start":{"line":48,"column":4},"end":{"line":48,"column":5}},"loc":{"start":{"line":48,"column":29},"end":{"line":57,"column":5}},"line":48},"6":{"name":"(anonymous_6)","decl":{"start":{"line":59,"column":4},"end":{"line":59,"column":5}},"loc":{"start":{"line":59,"column":26},"end":{"line":73,"column":5}},"line":59}},"branchMap":{"0":{"loc":{"start":{"line":51,"column":8},"end":{"line":56,"column":9}},"type":"if","locations":[{"start":{"line":51,"column":8},"end":{"line":56,"column":9}},{"start":{"line":54,"column":13},"end":{"line":56,"column":9}}],"line":51},"1":{"loc":{"start":{"line":54,"column":13},"end":{"line":56,"column":9}},"type":"if","locations":[{"start":{"line":54,"column":13},"end":{"line":56,"column":9}},{"start":{},"end":{}}],"line":54},"2":{"loc":{"start":{"line":54,"column":16},"end":{"line":54,"column":50}},"type":"binary-expr","locations":[{"start":{"line":54,"column":16},"end":{"line":54,"column":31}},{"start":{"line":54,"column":35},"end":{"line":54,"column":50}}],"line":54},"3":{"loc":{"start":{"line":62,"column":8},"end":{"line":72,"column":9}},"type":"if","locations":[{"start":{"line":62,"column":8},"end":{"line":72,"column":9}},{"start":{"line":66,"column":13},"end":{"line":72,"column":9}}],"line":62},"4":{"loc":{"start":{"line":66,"column":13},"end":{"line":72,"column":9}},"type":"if","locations":[{"start":{"line":66,"column":13},"end":{"line":72,"column":9}},{"start":{"line":70,"column":13},"end":{"line":72,"column":9}}],"line":66},"5":{"loc":{"start":{"line":70,"column":13},"end":{"line":72,"column":9}},"type":"if","locations":[{"start":{"line":70,"column":13},"end":{"line":72,"column":9}},{"start":{},"end":{}}],"line":70}},"s":{"0":2,"1":2,"2":2,"3":16,"4":2,"5":2,"6":7,"7":7,"8":7,"9":8,"10":3,"11":3,"12":1,"13":1,"14":2,"15":2,"16":2,"17":2,"18":6,"19":6,"20":1,"21":5,"22":2,"23":4,"24":4,"25":2,"26":2,"27":2,"28":1,"29":1,"30":1,"31":1,"32":2},"f":{"0":16,"1":2,"2":7,"3":8,"4":3,"5":6,"6":4},"b":{"0":[1,5],"1":[2,3],"2":[5,4],"3":[2,2],"4":[1,1],"5":[1,0]},"_coverageSchema":"1a1c01bbd47fc00a2c39e90264f33305004495a9","hash":"2a528d641e11b99b521f6cdfe3d9afdbbeab1ec4"}
,"/Users/juliantheuma/Documents/GitHub/Unit-Testing-Assignment/Frontend/Tests/Stubs/Stubs_CurrentWeather.js": {"path":"/Users/juliantheuma/Documents/GitHub/Unit-Testing-Assignment/Frontend/Tests/Stubs/Stubs_CurrentWeather.js","statementMap":{"0":{"start":{"line":2,"column":4},"end":{"line":5,"column":5}},"1":{"start":{"line":9,"column":4},"end":{"line":12,"column":5}},"2":{"start":{"line":16,"column":4},"end":{"line":19,"column":5}},"3":{"start":{"line":23,"column":4},"end":{"line":26,"column":5}},"4":{"start":{"line":29,"column":0},"end":{"line":34,"column":1}}},"fnMap":{"0":{"name":"stub_always_cold_and_rainy","decl":{"start":{"line":1,"column":9},"end":{"line":1,"column":35}},"loc":{"start":{"line":1,"column":37},"end":{"line":6,"column":1}},"line":1},"1":{"name":"stub_always_cold_and_not_rainy","decl":{"start":{"line":8,"column":9},"end":{"line":8,"column":39}},"loc":{"start":{"line":8,"column":41},"end":{"line":13,"column":1}},"line":8},"2":{"name":"stub_not_cold_and_always_rainy","decl":{"start":{"line":15,"column":9},"end":{"line":15,"column":39}},"loc":{"start":{"line":15,"column":41},"end":{"line":20,"column":1}},"line":15},"3":{"name":"stub_not_cold_and_not_rainy","decl":{"start":{"line":22,"column":9},"end":{"line":22,"column":36}},"loc":{"start":{"line":22,"column":38},"end":{"line":27,"column":1}},"line":22}},"branchMap":{},"s":{"0":3,"1":2,"2":1,"3":0,"4":1},"f":{"0":3,"1":2,"2":1,"3":0},"b":{},"_coverageSchema":"1a1c01bbd47fc00a2c39e90264f33305004495a9","hash":"bd577e88a8e244bef6b8764bd331c28e70f32cae"}
,"/Users/juliantheuma/Documents/GitHub/Unit-Testing-Assignment/Frontend/Tests/Stubs/Stubs_ForecastWeather.js": {"path":"/Users/juliantheuma/Documents/GitHub/Unit-Testing-Assignment/Frontend/Tests/Stubs/Stubs_ForecastWeather.js","statementMap":{"0":{"start":{"line":3,"column":4},"end":{"line":5,"column":6}},"1":{"start":{"line":10,"column":4},"end":{"line":29,"column":7}}},"fnMap":{"0":{"name":"stub_airport_code_response_invalid","decl":{"start":{"line":1,"column":10},"end":{"line":1,"column":44}},"loc":{"start":{"line":1,"column":46},"end":{"line":7,"column":1}},"line":1},"1":{"name":"stub_airport_code_response_valid","decl":{"start":{"line":9,"column":9},"end":{"line":9,"column":41}},"loc":{"start":{"line":9,"column":43},"end":{"line":30,"column":1}},"line":9}},"branchMap":{},"s":{"0":0,"1":0},"f":{"0":0,"1":0},"b":{},"_coverageSchema":"1a1c01bbd47fc00a2c39e90264f33305004495a9","hash":"93cbbed69e35d91641d13476cc93e7d39f2ec896"}
,"/Users/juliantheuma/Documents/GitHub/Unit-Testing-Assignment/Frontend/Tests/Stubs/Stubs_MainMenu.js": {"path":"/Users/juliantheuma/Documents/GitHub/Unit-Testing-Assignment/Frontend/Tests/Stubs/Stubs_MainMenu.js","statementMap":{"0":{"start":{"line":2,"column":4},"end":{"line":2,"column":44}},"1":{"start":{"line":6,"column":4},"end":{"line":6,"column":52}},"2":{"start":{"line":9,"column":0},"end":{"line":14,"column":1}}},"fnMap":{"0":{"name":"stubUserInputIsNotANumber","decl":{"start":{"line":1,"column":9},"end":{"line":1,"column":34}},"loc":{"start":{"line":1,"column":37},"end":{"line":3,"column":1}},"line":1},"1":{"name":"stubUserInputMustBeANumberFromOneToThree","decl":{"start":{"line":5,"column":9},"end":{"line":5,"column":49}},"loc":{"start":{"line":5,"column":52},"end":{"line":7,"column":1}},"line":5}},"branchMap":{},"s":{"0":2,"1":0,"2":1},"f":{"0":2,"1":0},"b":{},"_coverageSchema":"1a1c01bbd47fc00a2c39e90264f33305004495a9","hash":"238c53ed14cc8e8cfcc30aecb6e9484839fc146b"}
}
