TN:
SF:app.js
FN:4,startApp
FNF:1
FNH:1
FNDA:2,startApp
DA:1,1
DA:2,1
DA:6,2
DA:7,2
DA:8,2
DA:12,1
LF:6
LH:6
BRF:0
BRH:0
end_of_record
TN:
SF:Pages/CurrentWeather.js
FN:5,(anonymous_0)
FN:9,(anonymous_1)
FN:17,(anonymous_2)
FN:26,(anonymous_3)
FNF:4
FNH:4
FNDA:7,(anonymous_0)
FNDA:3,(anonymous_1)
FNDA:1,(anonymous_2)
FNDA:7,(anonymous_3)
DA:1,3
DA:10,3
DA:11,3
DA:13,3
DA:14,3
DA:18,1
DA:19,1
DA:20,1
DA:22,1
DA:28,7
DA:30,7
DA:31,5
DA:34,1
DA:37,6
DA:38,4
DA:41,2
DA:46,1
DA:53,3
LF:18
LH:18
BRDA:30,0,0,5
BRDA:30,0,1,1
BRDA:37,1,0,4
BRDA:37,1,1,2
BRF:4
BRH:4
end_of_record
TN:
SF:Pages/ForecastWeather.js
FN:7,(anonymous_0)
FN:14,(anonymous_1)
FN:40,(anonymous_2)
FN:52,(anonymous_3)
FN:65,(anonymous_4)
FN:66,(anonymous_5)
FN:68,(anonymous_6)
FN:76,(anonymous_7)
FN:77,(anonymous_8)
FN:79,(anonymous_9)
FN:86,(anonymous_10)
FN:95,(anonymous_11)
FN:113,(anonymous_12)
FN:114,(anonymous_13)
FNF:14
FNH:0
FNDA:0,(anonymous_0)
FNDA:0,(anonymous_1)
FNDA:0,(anonymous_2)
FNDA:0,(anonymous_3)
FNDA:0,(anonymous_4)
FNDA:0,(anonymous_5)
FNDA:0,(anonymous_6)
FNDA:0,(anonymous_7)
FNDA:0,(anonymous_8)
FNDA:0,(anonymous_9)
FNDA:0,(anonymous_10)
FNDA:0,(anonymous_11)
FNDA:0,(anonymous_12)
FNDA:0,(anonymous_13)
DA:1,3
DA:2,3
DA:3,3
DA:8,0
DA:15,0
DA:16,0
DA:17,0
DA:19,0
DA:20,0
DA:21,0
DA:23,0
DA:24,0
DA:25,0
DA:26,0
DA:29,0
DA:32,0
DA:33,0
DA:36,0
DA:41,0
DA:42,0
DA:43,0
DA:44,0
DA:46,0
DA:48,0
DA:53,0
DA:54,0
DA:55,0
DA:56,0
DA:58,0
DA:59,0
DA:61,0
DA:66,0
DA:68,0
DA:69,0
DA:77,0
DA:79,0
DA:80,0
DA:88,0
DA:89,0
DA:90,0
DA:91,0
DA:96,0
DA:97,0
DA:98,0
DA:101,0
DA:103,0
DA:104,0
DA:107,0
DA:108,0
DA:109,0
DA:114,0
DA:115,0
DA:124,3
LF:53
LH:4
BRDA:25,0,0,0
BRDA:25,0,1,0
BRDA:32,1,0,0
BRDA:32,1,1,0
BRDA:90,2,0,0
BRDA:90,2,1,0
BRDA:97,3,0,0
BRDA:97,3,1,0
BRDA:103,4,0,0
BRDA:103,4,1,0
BRDA:103,5,0,0
BRDA:103,5,1,0
BRDA:103,5,2,0
BRDA:103,5,3,0
BRDA:103,5,4,0
BRDA:108,6,0,0
BRDA:108,6,1,0
BRDA:108,7,0,0
BRDA:108,7,1,0
BRDA:108,7,2,0
BRF:20
BRH:0
end_of_record
TN:
SF:Pages/MainMenu.js
FN:7,(anonymous_0)
FN:14,(anonymous_1)
FN:19,(anonymous_2)
FN:32,(anonymous_3)
FN:33,(anonymous_4)
FN:48,(anonymous_5)
FN:59,(anonymous_6)
FNF:7
FNH:7
FNDA:16,(anonymous_0)
FNDA:2,(anonymous_1)
FNDA:7,(anonymous_2)
FNDA:8,(anonymous_3)
FNDA:3,(anonymous_4)
FNDA:6,(anonymous_5)
FNDA:4,(anonymous_6)
DA:1,2
DA:2,2
DA:3,2
DA:8,16
DA:15,2
DA:16,2
DA:20,7
DA:21,7
DA:22,7
DA:33,8
DA:34,3
DA:35,3
DA:36,1
DA:37,1
DA:40,2
DA:41,2
DA:42,2
DA:43,2
DA:50,6
DA:51,6
DA:52,1
DA:54,5
DA:55,2
DA:60,4
DA:62,4
DA:63,2
DA:64,2
DA:66,2
DA:67,1
DA:68,1
DA:70,1
DA:71,1
DA:77,2
LF:33
LH:33
BRDA:51,0,0,1
BRDA:51,0,1,5
BRDA:54,1,0,2
BRDA:54,1,1,3
BRDA:54,2,0,5
BRDA:54,2,1,4
BRDA:62,3,0,2
BRDA:62,3,1,2
BRDA:66,4,0,1
BRDA:66,4,1,1
BRDA:70,5,0,1
BRDA:70,5,1,0
BRF:12
BRH:11
end_of_record
TN:
SF:Tests/Stubs/Stubs_CurrentWeather.js
FN:1,stub_always_cold_and_rainy
FN:8,stub_always_cold_and_not_rainy
FN:15,stub_not_cold_and_always_rainy
FN:22,stub_not_cold_and_not_rainy
FNF:4
FNH:3
FNDA:3,stub_always_cold_and_rainy
FNDA:2,stub_always_cold_and_not_rainy
FNDA:1,stub_not_cold_and_always_rainy
FNDA:0,stub_not_cold_and_not_rainy
DA:2,3
DA:9,2
DA:16,1
DA:23,0
DA:29,1
LF:5
LH:4
BRF:0
BRH:0
end_of_record
TN:
SF:Tests/Stubs/Stubs_ForecastWeather.js
FN:1,stub_airport_code_response_invalid
FN:9,stub_airport_code_response_valid
FNF:2
FNH:0
FNDA:0,stub_airport_code_response_invalid
FNDA:0,stub_airport_code_response_valid
DA:3,0
DA:10,0
LF:2
LH:0
BRF:0
BRH:0
end_of_record
TN:
SF:Tests/Stubs/Stubs_MainMenu.js
FN:1,stubUserInputIsNotANumber
FN:5,stubUserInputMustBeANumberFromOneToThree
FNF:2
FNH:1
FNDA:2,stubUserInputIsNotANumber
FNDA:0,stubUserInputMustBeANumberFromOneToThree
DA:2,2
DA:6,0
DA:9,1
LF:3
LH:2
BRF:0
BRH:0
end_of_record
