TN:
SF:app.js
FN:4,startApp
FNF:1
FNH:1
FNDA:2,startApp
DA:1,1
DA:2,1
DA:6,2
DA:7,2
DA:8,2
DA:12,1
LF:6
LH:6
BRF:0
BRH:0
end_of_record
TN:
SF:Pages/CurrentWeather.js
FN:5,(anonymous_0)
FN:9,(anonymous_1)
FN:17,(anonymous_2)
FN:26,(anonymous_3)
FNF:4
FNH:4
FNDA:7,(anonymous_0)
FNDA:3,(anonymous_1)
FNDA:1,(anonymous_2)
FNDA:7,(anonymous_3)
DA:1,3
DA:10,3
DA:11,3
DA:13,3
DA:14,3
DA:18,1
DA:19,1
DA:20,1
DA:22,1
DA:28,7
DA:30,7
DA:31,5
DA:34,1
DA:37,6
DA:38,4
DA:41,2
DA:46,1
DA:53,3
LF:18
LH:18
BRDA:30,0,0,5
BRDA:30,0,1,1
BRDA:37,1,0,4
BRDA:37,1,1,2
BRF:4
BRH:4
end_of_record
TN:
SF:Pages/ForecastWeather.js
FN:7,(anonymous_0)
FN:14,(anonymous_1)
FN:32,(anonymous_2)
FN:33,(anonymous_3)
FN:38,(anonymous_4)
FN:57,(anonymous_5)
FN:69,(anonymous_6)
FN:82,(anonymous_7)
FN:83,(anonymous_8)
FN:85,(anonymous_9)
FN:93,(anonymous_10)
FN:94,(anonymous_11)
FN:96,(anonymous_12)
FN:103,(anonymous_13)
FN:112,(anonymous_14)
FN:136,(anonymous_15)
FNF:16
FNH:16
FNDA:37,(anonymous_0)
FNDA:4,(anonymous_1)
FNDA:2,(anonymous_2)
FNDA:1,(anonymous_3)
FNDA:8,(anonymous_4)
FNDA:7,(anonymous_5)
FNDA:6,(anonymous_6)
FNDA:3,(anonymous_7)
FNDA:3,(anonymous_8)
FNDA:1,(anonymous_9)
FNDA:2,(anonymous_10)
FNDA:2,(anonymous_11)
FNDA:1,(anonymous_12)
FNDA:8,(anonymous_13)
FNDA:14,(anonymous_14)
FNDA:5,(anonymous_15)
DA:1,3
DA:2,3
DA:3,3
DA:8,37
DA:15,4
DA:17,4
DA:18,4
DA:19,3
DA:21,2
DA:22,2
DA:23,2
DA:24,2
DA:28,1
DA:33,2
DA:34,1
DA:39,8
DA:40,8
DA:42,8
DA:43,4
DA:46,4
DA:49,8
DA:50,3
DA:53,5
DA:58,7
DA:59,6
DA:60,6
DA:61,3
DA:63,3
DA:65,3
DA:70,6
DA:71,6
DA:72,6
DA:73,6
DA:74,3
DA:76,3
DA:78,3
DA:83,3
DA:85,3
DA:86,1
DA:94,2
DA:96,2
DA:97,1
DA:105,8
DA:106,8
DA:107,8
DA:108,7
DA:113,14
DA:115,14
DA:116,2
DA:118,12
DA:119,12
DA:120,2
DA:121,2
DA:124,10
DA:126,10
DA:127,4
DA:130,6
DA:131,6
DA:132,3
DA:138,5
DA:140,5
DA:141,4
DA:145,2
DA:150,2
DA:155,3
DA:161,3
LF:66
LH:66
BRDA:42,0,0,4
BRDA:42,0,1,4
BRDA:49,1,0,3
BRDA:49,1,1,5
BRDA:107,2,0,7
BRDA:107,2,1,1
BRDA:107,3,0,8
BRDA:107,3,1,2
BRDA:115,4,0,2
BRDA:115,4,1,12
BRDA:119,5,0,2
BRDA:119,5,1,10
BRDA:126,6,0,4
BRDA:126,6,1,6
BRDA:126,7,0,10
BRDA:126,7,1,10
BRDA:126,7,2,9
BRDA:126,7,3,8
BRDA:126,7,4,7
BRDA:131,8,0,3
BRDA:131,8,1,3
BRDA:131,9,0,6
BRDA:131,9,1,6
BRDA:131,9,2,3
BRDA:141,10,0,2
BRDA:141,10,1,2
BRDA:141,11,0,4
BRDA:141,11,1,3
BRDA:141,11,2,3
BRDA:141,11,3,3
BRDA:141,11,4,3
BRF:31
BRH:31
end_of_record
TN:
SF:Pages/MainMenu.js
FN:7,(anonymous_0)
FN:14,(anonymous_1)
FN:19,(anonymous_2)
FN:32,(anonymous_3)
FN:33,(anonymous_4)
FN:48,(anonymous_5)
FN:59,(anonymous_6)
FNF:7
FNH:7
FNDA:16,(anonymous_0)
FNDA:2,(anonymous_1)
FNDA:7,(anonymous_2)
FNDA:8,(anonymous_3)
FNDA:3,(anonymous_4)
FNDA:6,(anonymous_5)
FNDA:4,(anonymous_6)
DA:1,2
DA:2,2
DA:3,2
DA:8,16
DA:15,2
DA:16,2
DA:20,7
DA:21,7
DA:22,7
DA:33,8
DA:34,3
DA:35,3
DA:36,1
DA:37,1
DA:40,2
DA:41,2
DA:42,2
DA:43,2
DA:50,6
DA:51,6
DA:52,1
DA:54,5
DA:55,2
DA:60,4
DA:62,4
DA:63,2
DA:64,2
DA:66,2
DA:67,1
DA:68,1
DA:70,1
DA:71,1
DA:77,2
LF:33
LH:33
BRDA:51,0,0,1
BRDA:51,0,1,5
BRDA:54,1,0,2
BRDA:54,1,1,3
BRDA:54,2,0,5
BRDA:54,2,1,4
BRDA:62,3,0,2
BRDA:62,3,1,2
BRDA:66,4,0,1
BRDA:66,4,1,1
BRDA:70,5,0,1
BRDA:70,5,1,0
BRF:12
BRH:11
end_of_record
TN:
SF:Tests/Stubs/Stubs_CurrentWeather.js
FN:1,stub_always_cold_and_rainy
FN:8,stub_always_cold_and_not_rainy
FN:15,stub_not_cold_and_always_rainy
FN:22,stub_not_cold_and_not_rainy
FNF:4
FNH:3
FNDA:3,stub_always_cold_and_rainy
FNDA:2,stub_always_cold_and_not_rainy
FNDA:1,stub_not_cold_and_always_rainy
FNDA:0,stub_not_cold_and_not_rainy
DA:2,3
DA:9,2
DA:16,1
DA:23,0
DA:29,1
LF:5
LH:4
BRF:0
BRH:0
end_of_record
TN:
SF:Tests/Stubs/Stubs_ForecastWeather.js
FN:1,stub_airport_code_response_invalid
FN:9,stub_airport_code_response_valid
FNF:2
FNH:0
FNDA:0,stub_airport_code_response_invalid
FNDA:0,stub_airport_code_response_valid
DA:3,0
DA:10,0
LF:2
LH:0
BRF:0
BRH:0
end_of_record
TN:
SF:Tests/Stubs/Stubs_MainMenu.js
FN:1,stubUserInputIsNotANumber
FN:5,stubUserInputMustBeANumberFromOneToThree
FNF:2
FNH:1
FNDA:2,stubUserInputIsNotANumber
FNDA:0,stubUserInputMustBeANumberFromOneToThree
DA:2,2
DA:6,0
DA:9,1
LF:3
LH:2
BRF:0
BRH:0
end_of_record
