{"/Users/juliantheuma/Code/WeatherWear/Backend/index.js": {"path":"/Users/juliantheuma/Code/WeatherWear/Backend/index.js","statementMap":{"0":{"start":{"line":1,"column":16},"end":{"line":1,"column":34}},"1":{"start":{"line":2,"column":12},"end":{"line":2,"column":21}},"2":{"start":{"line":3,"column":13},"end":{"line":3,"column":17}},"3":{"start":{"line":4,"column":14},"end":{"line":4,"column":30}},"4":{"start":{"line":5,"column":0},"end":{"line":5,"column":27}},"5":{"start":{"line":7,"column":22},"end":{"line":7,"column":67}},"6":{"start":{"line":8,"column":24},"end":{"line":8,"column":43}},"7":{"start":{"line":9,"column":22},"end":{"line":9,"column":61}},"8":{"start":{"line":11,"column":0},"end":{"line":11,"column":23}},"9":{"start":{"line":13,"column":0},"end":{"line":31,"column":2}},"10":{"start":{"line":15,"column":19},"end":{"line":15,"column":34}},"11":{"start":{"line":16,"column":26},"end":{"line":16,"column":73}},"12":{"start":{"line":19,"column":19},"end":{"line":19,"column":38}},"13":{"start":{"line":20,"column":20},"end":{"line":20,"column":39}},"14":{"start":{"line":23,"column":22},"end":{"line":23,"column":70}},"15":{"start":{"line":24,"column":22},"end":{"line":24,"column":48}},"16":{"start":{"line":25,"column":24},"end":{"line":25,"column":53}},"17":{"start":{"line":28,"column":32},"end":{"line":28,"column":86}},"18":{"start":{"line":30,"column":4},"end":{"line":30,"column":33}},"19":{"start":{"line":33,"column":0},"end":{"line":62,"column":6}},"20":{"start":{"line":35,"column":4},"end":{"line":61,"column":5}},"21":{"start":{"line":36,"column":42},"end":{"line":36,"column":51}},"22":{"start":{"line":38,"column":34},"end":{"line":38,"column":71}},"23":{"start":{"line":41,"column":22},"end":{"line":41,"column":62}},"24":{"start":{"line":43,"column":19},"end":{"line":43,"column":39}},"25":{"start":{"line":44,"column":20},"end":{"line":44,"column":41}},"26":{"start":{"line":47,"column":26},"end":{"line":47,"column":90}},"27":{"start":{"line":49,"column":23},"end":{"line":49,"column":76}},"28":{"start":{"line":50,"column":24},"end":{"line":50,"column":82}},"29":{"start":{"line":52,"column":32},"end":{"line":52,"column":86}},"30":{"start":{"line":54,"column":4},"end":{"line":54,"column":33}},"31":{"start":{"line":58,"column":8},"end":{"line":60,"column":10}},"32":{"start":{"line":66,"column":18},"end":{"line":66,"column":35}},"33":{"start":{"line":67,"column":21},"end":{"line":67,"column":44}},"34":{"start":{"line":70,"column":4},"end":{"line":72,"column":5}},"35":{"start":{"line":71,"column":8},"end":{"line":71,"column":47}},"36":{"start":{"line":74,"column":4},"end":{"line":79,"column":5}},"37":{"start":{"line":75,"column":8},"end":{"line":75,"column":57}},"38":{"start":{"line":77,"column":9},"end":{"line":79,"column":5}},"39":{"start":{"line":78,"column":8},"end":{"line":78,"column":57}},"40":{"start":{"line":83,"column":17},"end":{"line":83,"column":22}},"41":{"start":{"line":84,"column":20},"end":{"line":84,"column":25}},"42":{"start":{"line":86,"column":4},"end":{"line":88,"column":5}},"43":{"start":{"line":87,"column":8},"end":{"line":87,"column":22}},"44":{"start":{"line":89,"column":4},"end":{"line":91,"column":5}},"45":{"start":{"line":90,"column":8},"end":{"line":90,"column":25}},"46":{"start":{"line":93,"column":4},"end":{"line":93,"column":33}},"47":{"start":{"line":96,"column":4},"end":{"line":103,"column":6}},"48":{"start":{"line":97,"column":8},"end":{"line":102,"column":20}},"49":{"start":{"line":98,"column":12},"end":{"line":101,"column":14}},"50":{"start":{"line":108,"column":26},"end":{"line":108,"column":30}},"51":{"start":{"line":110,"column":4},"end":{"line":146,"column":5}},"52":{"start":{"line":112,"column":8},"end":{"line":115,"column":10}},"53":{"start":{"line":117,"column":8},"end":{"line":119,"column":9}},"54":{"start":{"line":118,"column":12},"end":{"line":118,"column":48}},"55":{"start":{"line":121,"column":8},"end":{"line":124,"column":9}},"56":{"start":{"line":122,"column":12},"end":{"line":122,"column":38}},"57":{"start":{"line":123,"column":12},"end":{"line":123,"column":43}},"58":{"start":{"line":128,"column":8},"end":{"line":137,"column":13}},"59":{"start":{"line":129,"column":38},"end":{"line":129,"column":83}},"60":{"start":{"line":131,"column":16},"end":{"line":133,"column":17}},"61":{"start":{"line":132,"column":20},"end":{"line":132,"column":58}},"62":{"start":{"line":136,"column":16},"end":{"line":136,"column":62}},"63":{"start":{"line":142,"column":8},"end":{"line":144,"column":9}},"64":{"start":{"line":143,"column":12},"end":{"line":143,"column":66}},"65":{"start":{"line":145,"column":8},"end":{"line":145,"column":31}},"66":{"start":{"line":152,"column":4},"end":{"line":169,"column":9}},"67":{"start":{"line":153,"column":30},"end":{"line":153,"column":34}},"68":{"start":{"line":154,"column":4},"end":{"line":162,"column":5}},"69":{"start":{"line":156,"column":14},"end":{"line":156,"column":56}},"70":{"start":{"line":157,"column":8},"end":{"line":157,"column":35}},"71":{"start":{"line":160,"column":18},"end":{"line":160,"column":72}},"72":{"start":{"line":161,"column":8},"end":{"line":161,"column":35}},"73":{"start":{"line":163,"column":4},"end":{"line":163,"column":27}},"74":{"start":{"line":166,"column":8},"end":{"line":168,"column":9}},"75":{"start":{"line":175,"column":4},"end":{"line":184,"column":5}},"76":{"start":{"line":176,"column":21},"end":{"line":176,"column":55}},"77":{"start":{"line":177,"column":21},"end":{"line":177,"column":91}},"78":{"start":{"line":178,"column":8},"end":{"line":178,"column":32}},"79":{"start":{"line":179,"column":8},"end":{"line":179,"column":26}},"80":{"start":{"line":181,"column":8},"end":{"line":183,"column":9}},"81":{"start":{"line":190,"column":20},"end":{"line":198,"column":7}},"82":{"start":{"line":200,"column":6},"end":{"line":206,"column":7}},"83":{"start":{"line":201,"column":27},"end":{"line":201,"column":55}},"84":{"start":{"line":202,"column":10},"end":{"line":202,"column":37}},"85":{"start":{"line":203,"column":10},"end":{"line":203,"column":30}},"86":{"start":{"line":205,"column":10},"end":{"line":205,"column":31}},"87":{"start":{"line":211,"column":20},"end":{"line":219,"column":7}},"88":{"start":{"line":221,"column":6},"end":{"line":226,"column":7}},"89":{"start":{"line":222,"column":27},"end":{"line":222,"column":55}},"90":{"start":{"line":223,"column":12},"end":{"line":223,"column":32}},"91":{"start":{"line":225,"column":10},"end":{"line":225,"column":40}},"92":{"start":{"line":232,"column":20},"end":{"line":244,"column":7}},"93":{"start":{"line":246,"column":6},"end":{"line":252,"column":7}},"94":{"start":{"line":247,"column":27},"end":{"line":247,"column":55}},"95":{"start":{"line":248,"column":10},"end":{"line":248,"column":37}},"96":{"start":{"line":249,"column":10},"end":{"line":249,"column":30}},"97":{"start":{"line":251,"column":10},"end":{"line":251,"column":40}},"98":{"start":{"line":256,"column":0},"end":{"line":266,"column":1}}},"fnMap":{"0":{"name":"(anonymous_0)","decl":{"start":{"line":13,"column":28},"end":{"line":13,"column":29}},"loc":{"start":{"line":13,"column":48},"end":{"line":31,"column":1}},"line":13},"1":{"name":"(anonymous_1)","decl":{"start":{"line":33,"column":29},"end":{"line":33,"column":30}},"loc":{"start":{"line":33,"column":49},"end":{"line":62,"column":5}},"line":33},"2":{"name":"determineAirportCodeType","decl":{"start":{"line":64,"column":9},"end":{"line":64,"column":33}},"loc":{"start":{"line":64,"column":46},"end":{"line":80,"column":1}},"line":64},"3":{"name":"calculateWeatherConditions","decl":{"start":{"line":82,"column":9},"end":{"line":82,"column":35}},"loc":{"start":{"line":82,"column":63},"end":{"line":94,"column":1}},"line":82},"4":{"name":"fallbackTimeout","decl":{"start":{"line":95,"column":9},"end":{"line":95,"column":24}},"loc":{"start":{"line":95,"column":35},"end":{"line":104,"column":1}},"line":95},"5":{"name":"(anonymous_5)","decl":{"start":{"line":96,"column":23},"end":{"line":96,"column":24}},"loc":{"start":{"line":96,"column":44},"end":{"line":103,"column":5}},"line":96},"6":{"name":"(anonymous_6)","decl":{"start":{"line":97,"column":19},"end":{"line":97,"column":20}},"loc":{"start":{"line":97,"column":25},"end":{"line":102,"column":9}},"line":97},"7":{"name":"callGeoLocationApisWithFallback","decl":{"start":{"line":106,"column":15},"end":{"line":106,"column":46}},"loc":{"start":{"line":106,"column":56},"end":{"line":148,"column":1}},"line":106},"8":{"name":"callPrimaryIpGeolocationApi","decl":{"start":{"line":150,"column":15},"end":{"line":150,"column":42}},"loc":{"start":{"line":150,"column":52},"end":{"line":172,"column":1}},"line":150},"9":{"name":"callSecondaryIpGeolocationApi","decl":{"start":{"line":174,"column":15},"end":{"line":174,"column":44}},"loc":{"start":{"line":174,"column":59},"end":{"line":186,"column":1}},"line":174},"10":{"name":"callCurrentWeatherApi","decl":{"start":{"line":188,"column":15},"end":{"line":188,"column":36}},"loc":{"start":{"line":188,"column":57},"end":{"line":207,"column":1}},"line":188},"11":{"name":"callAirportApi","decl":{"start":{"line":209,"column":15},"end":{"line":209,"column":29}},"loc":{"start":{"line":209,"column":49},"end":{"line":228,"column":1}},"line":209},"12":{"name":"callWeatherForecastApi","decl":{"start":{"line":230,"column":15},"end":{"line":230,"column":37}},"loc":{"start":{"line":230,"column":64},"end":{"line":254,"column":1}},"line":230}},"branchMap":{"0":{"loc":{"start":{"line":70,"column":4},"end":{"line":72,"column":5}},"type":"if","locations":[{"start":{"line":70,"column":4},"end":{"line":72,"column":5}},{"start":{},"end":{}}],"line":70},"1":{"loc":{"start":{"line":74,"column":4},"end":{"line":79,"column":5}},"type":"if","locations":[{"start":{"line":74,"column":4},"end":{"line":79,"column":5}},{"start":{"line":77,"column":9},"end":{"line":79,"column":5}}],"line":74},"2":{"loc":{"start":{"line":77,"column":9},"end":{"line":79,"column":5}},"type":"if","locations":[{"start":{"line":77,"column":9},"end":{"line":79,"column":5}},{"start":{},"end":{}}],"line":77},"3":{"loc":{"start":{"line":86,"column":4},"end":{"line":88,"column":5}},"type":"if","locations":[{"start":{"line":86,"column":4},"end":{"line":88,"column":5}},{"start":{},"end":{}}],"line":86},"4":{"loc":{"start":{"line":89,"column":4},"end":{"line":91,"column":5}},"type":"if","locations":[{"start":{"line":89,"column":4},"end":{"line":91,"column":5}},{"start":{},"end":{}}],"line":89},"5":{"loc":{"start":{"line":117,"column":8},"end":{"line":119,"column":9}},"type":"if","locations":[{"start":{"line":117,"column":8},"end":{"line":119,"column":9}},{"start":{},"end":{}}],"line":117},"6":{"loc":{"start":{"line":121,"column":8},"end":{"line":124,"column":9}},"type":"if","locations":[{"start":{"line":121,"column":8},"end":{"line":124,"column":9}},{"start":{},"end":{}}],"line":121},"7":{"loc":{"start":{"line":131,"column":16},"end":{"line":133,"column":17}},"type":"if","locations":[{"start":{"line":131,"column":16},"end":{"line":133,"column":17}},{"start":{},"end":{}}],"line":131},"8":{"loc":{"start":{"line":142,"column":8},"end":{"line":144,"column":9}},"type":"if","locations":[{"start":{"line":142,"column":8},"end":{"line":144,"column":9}},{"start":{},"end":{}}],"line":142},"9":{"loc":{"start":{"line":154,"column":4},"end":{"line":162,"column":5}},"type":"if","locations":[{"start":{"line":154,"column":4},"end":{"line":162,"column":5}},{"start":{"line":159,"column":8},"end":{"line":162,"column":5}}],"line":154},"10":{"loc":{"start":{"line":174,"column":45},"end":{"line":174,"column":58}},"type":"default-arg","locations":[{"start":{"line":174,"column":54},"end":{"line":174,"column":58}}],"line":174}},"s":{"0":1,"1":1,"2":1,"3":1,"4":1,"5":1,"6":1,"7":1,"8":1,"9":1,"10":0,"11":0,"12":0,"13":0,"14":0,"15":0,"16":0,"17":0,"18":0,"19":1,"20":0,"21":0,"22":0,"23":0,"24":0,"25":0,"26":0,"27":0,"28":0,"29":0,"30":0,"31":0,"32":2,"33":2,"34":2,"35":0,"36":2,"37":1,"38":1,"39":1,"40":2,"41":2,"42":2,"43":1,"44":2,"45":1,"46":2,"47":1,"48":1,"49":1,"50":0,"51":0,"52":0,"53":0,"54":0,"55":0,"56":0,"57":0,"58":0,"59":0,"60":0,"61":0,"62":0,"63":0,"64":0,"65":0,"66":1,"67":1,"68":1,"69":1,"70":1,"71":0,"72":0,"73":1,"74":0,"75":2,"76":2,"77":2,"78":1,"79":1,"80":1,"81":1,"82":1,"83":1,"84":1,"85":1,"86":0,"87":3,"88":3,"89":3,"90":2,"91":1,"92":2,"93":2,"94":2,"95":1,"96":1,"97":1,"98":1},"f":{"0":0,"1":0,"2":2,"3":2,"4":1,"5":1,"6":1,"7":0,"8":1,"9":2,"10":1,"11":3,"12":2},"b":{"0":[0,2],"1":[1,1],"2":[1,0],"3":[1,1],"4":[1,1],"5":[0,0],"6":[0,0],"7":[0,0],"8":[0,0],"9":[1,0],"10":[0]},"_coverageSchema":"1a1c01bbd47fc00a2c39e90264f33305004495a9","hash":"087ef571205b51f744c99715f834b7fd777ff7ec"}
}
