{"/Users/juliantheuma/Documents/GitHub/Unit-Testing-Assignment/Backend/index.js": {"path":"/Users/juliantheuma/Documents/GitHub/Unit-Testing-Assignment/Backend/index.js","statementMap":{"0":{"start":{"line":1,"column":16},"end":{"line":1,"column":34}},"1":{"start":{"line":2,"column":12},"end":{"line":2,"column":21}},"2":{"start":{"line":3,"column":13},"end":{"line":3,"column":17}},"3":{"start":{"line":4,"column":14},"end":{"line":4,"column":30}},"4":{"start":{"line":5,"column":0},"end":{"line":5,"column":27}},"5":{"start":{"line":7,"column":22},"end":{"line":7,"column":67}},"6":{"start":{"line":8,"column":24},"end":{"line":8,"column":43}},"7":{"start":{"line":9,"column":22},"end":{"line":9,"column":61}},"8":{"start":{"line":13,"column":0},"end":{"line":13,"column":23}},"9":{"start":{"line":15,"column":0},"end":{"line":19,"column":2}},"10":{"start":{"line":17,"column":4},"end":{"line":17,"column":48}},"11":{"start":{"line":21,"column":0},"end":{"line":24,"column":6}},"12":{"start":{"line":23,"column":8},"end":{"line":23,"column":40}},"13":{"start":{"line":37,"column":8},"end":{"line":63,"column":12}},"14":{"start":{"line":38,"column":49},"end":{"line":38,"column":58}},"15":{"start":{"line":40,"column":41},"end":{"line":40,"column":83}},"16":{"start":{"line":43,"column":29},"end":{"line":43,"column":74}},"17":{"start":{"line":45,"column":26},"end":{"line":45,"column":46}},"18":{"start":{"line":46,"column":27},"end":{"line":46,"column":48}},"19":{"start":{"line":49,"column":33},"end":{"line":49,"column":102}},"20":{"start":{"line":51,"column":30},"end":{"line":51,"column":83}},"21":{"start":{"line":52,"column":31},"end":{"line":52,"column":89}},"22":{"start":{"line":54,"column":39},"end":{"line":54,"column":98}},"23":{"start":{"line":56,"column":11},"end":{"line":56,"column":40}},"24":{"start":{"line":60,"column":15},"end":{"line":62,"column":17}},"25":{"start":{"line":68,"column":8},"end":{"line":77,"column":13}},"26":{"start":{"line":70,"column":38},"end":{"line":70,"column":71}},"27":{"start":{"line":71,"column":12},"end":{"line":71,"column":41}},"28":{"start":{"line":74,"column":16},"end":{"line":76,"column":18}},"29":{"start":{"line":82,"column":8},"end":{"line":103,"column":9}},"30":{"start":{"line":84,"column":30},"end":{"line":84,"column":80}},"31":{"start":{"line":87,"column":23},"end":{"line":87,"column":42}},"32":{"start":{"line":88,"column":24},"end":{"line":88,"column":43}},"33":{"start":{"line":91,"column":26},"end":{"line":91,"column":79}},"34":{"start":{"line":92,"column":26},"end":{"line":92,"column":52}},"35":{"start":{"line":93,"column":28},"end":{"line":93,"column":57}},"36":{"start":{"line":96,"column":36},"end":{"line":96,"column":95}},"37":{"start":{"line":97,"column":8},"end":{"line":97,"column":35}},"38":{"start":{"line":102,"column":12},"end":{"line":102,"column":60}},"39":{"start":{"line":109,"column":18},"end":{"line":109,"column":35}},"40":{"start":{"line":110,"column":21},"end":{"line":110,"column":44}},"41":{"start":{"line":113,"column":4},"end":{"line":115,"column":5}},"42":{"start":{"line":114,"column":8},"end":{"line":114,"column":47}},"43":{"start":{"line":117,"column":4},"end":{"line":122,"column":5}},"44":{"start":{"line":118,"column":8},"end":{"line":118,"column":57}},"45":{"start":{"line":120,"column":9},"end":{"line":122,"column":5}},"46":{"start":{"line":121,"column":8},"end":{"line":121,"column":57}},"47":{"start":{"line":126,"column":17},"end":{"line":126,"column":22}},"48":{"start":{"line":127,"column":20},"end":{"line":127,"column":25}},"49":{"start":{"line":129,"column":4},"end":{"line":131,"column":5}},"50":{"start":{"line":130,"column":8},"end":{"line":130,"column":22}},"51":{"start":{"line":132,"column":4},"end":{"line":134,"column":5}},"52":{"start":{"line":133,"column":8},"end":{"line":133,"column":25}},"53":{"start":{"line":136,"column":4},"end":{"line":136,"column":33}},"54":{"start":{"line":139,"column":4},"end":{"line":146,"column":6}},"55":{"start":{"line":140,"column":8},"end":{"line":145,"column":20}},"56":{"start":{"line":141,"column":12},"end":{"line":144,"column":14}},"57":{"start":{"line":151,"column":26},"end":{"line":151,"column":30}},"58":{"start":{"line":153,"column":4},"end":{"line":189,"column":5}},"59":{"start":{"line":155,"column":8},"end":{"line":158,"column":10}},"60":{"start":{"line":160,"column":8},"end":{"line":162,"column":9}},"61":{"start":{"line":161,"column":12},"end":{"line":161,"column":48}},"62":{"start":{"line":164,"column":8},"end":{"line":167,"column":9}},"63":{"start":{"line":165,"column":12},"end":{"line":165,"column":38}},"64":{"start":{"line":166,"column":12},"end":{"line":166,"column":43}},"65":{"start":{"line":171,"column":8},"end":{"line":180,"column":13}},"66":{"start":{"line":172,"column":38},"end":{"line":172,"column":88}},"67":{"start":{"line":174,"column":16},"end":{"line":176,"column":17}},"68":{"start":{"line":175,"column":20},"end":{"line":175,"column":58}},"69":{"start":{"line":179,"column":16},"end":{"line":179,"column":62}},"70":{"start":{"line":185,"column":8},"end":{"line":187,"column":9}},"71":{"start":{"line":186,"column":12},"end":{"line":186,"column":66}},"72":{"start":{"line":188,"column":8},"end":{"line":188,"column":31}},"73":{"start":{"line":195,"column":4},"end":{"line":213,"column":9}},"74":{"start":{"line":196,"column":30},"end":{"line":196,"column":34}},"75":{"start":{"line":197,"column":4},"end":{"line":205,"column":5}},"76":{"start":{"line":199,"column":18},"end":{"line":199,"column":60}},"77":{"start":{"line":200,"column":8},"end":{"line":200,"column":35}},"78":{"start":{"line":203,"column":18},"end":{"line":203,"column":72}},"79":{"start":{"line":204,"column":8},"end":{"line":204,"column":35}},"80":{"start":{"line":207,"column":4},"end":{"line":207,"column":27}},"81":{"start":{"line":210,"column":8},"end":{"line":212,"column":9}},"82":{"start":{"line":219,"column":4},"end":{"line":236,"column":5}},"83":{"start":{"line":220,"column":21},"end":{"line":220,"column":55}},"84":{"start":{"line":222,"column":8},"end":{"line":228,"column":9}},"85":{"start":{"line":224,"column":12},"end":{"line":224,"column":91}},"86":{"start":{"line":227,"column":12},"end":{"line":227,"column":106}},"87":{"start":{"line":230,"column":8},"end":{"line":230,"column":32}},"88":{"start":{"line":231,"column":8},"end":{"line":231,"column":26}},"89":{"start":{"line":233,"column":8},"end":{"line":235,"column":9}},"90":{"start":{"line":242,"column":20},"end":{"line":250,"column":7}},"91":{"start":{"line":252,"column":6},"end":{"line":260,"column":7}},"92":{"start":{"line":253,"column":27},"end":{"line":253,"column":55}},"93":{"start":{"line":254,"column":10},"end":{"line":254,"column":37}},"94":{"start":{"line":256,"column":10},"end":{"line":256,"column":30}},"95":{"start":{"line":258,"column":10},"end":{"line":258,"column":31}},"96":{"start":{"line":259,"column":10},"end":{"line":259,"column":54}},"97":{"start":{"line":265,"column":20},"end":{"line":273,"column":7}},"98":{"start":{"line":275,"column":6},"end":{"line":281,"column":7}},"99":{"start":{"line":276,"column":27},"end":{"line":276,"column":55}},"100":{"start":{"line":277,"column":10},"end":{"line":277,"column":36}},"101":{"start":{"line":278,"column":12},"end":{"line":278,"column":32}},"102":{"start":{"line":280,"column":10},"end":{"line":280,"column":55}},"103":{"start":{"line":287,"column":20},"end":{"line":299,"column":7}},"104":{"start":{"line":301,"column":6},"end":{"line":308,"column":7}},"105":{"start":{"line":302,"column":27},"end":{"line":302,"column":55}},"106":{"start":{"line":303,"column":10},"end":{"line":303,"column":37}},"107":{"start":{"line":304,"column":10},"end":{"line":304,"column":30}},"108":{"start":{"line":306,"column":8},"end":{"line":306,"column":26}},"109":{"start":{"line":307,"column":10},"end":{"line":307,"column":64}},"110":{"start":{"line":313,"column":0},"end":{"line":313,"column":24}},"111":{"start":{"line":316,"column":0},"end":{"line":319,"column":5}},"112":{"start":{"line":317,"column":4},"end":{"line":317,"column":22}},"113":{"start":{"line":318,"column":4},"end":{"line":318,"column":62}}},"fnMap":{"0":{"name":"(anonymous_0)","decl":{"start":{"line":15,"column":28},"end":{"line":15,"column":29}},"loc":{"start":{"line":15,"column":48},"end":{"line":19,"column":1}},"line":15},"1":{"name":"(anonymous_1)","decl":{"start":{"line":21,"column":29},"end":{"line":21,"column":30}},"loc":{"start":{"line":21,"column":49},"end":{"line":24,"column":5}},"line":21},"2":{"name":"(anonymous_2)","decl":{"start":{"line":31,"column":4},"end":{"line":31,"column":5}},"loc":{"start":{"line":31,"column":17},"end":{"line":33,"column":5}},"line":31},"3":{"name":"(anonymous_3)","decl":{"start":{"line":35,"column":4},"end":{"line":35,"column":5}},"loc":{"start":{"line":35,"column":31},"end":{"line":65,"column":5}},"line":35},"4":{"name":"(anonymous_4)","decl":{"start":{"line":67,"column":4},"end":{"line":67,"column":5}},"loc":{"start":{"line":67,"column":45},"end":{"line":78,"column":5}},"line":67},"5":{"name":"(anonymous_5)","decl":{"start":{"line":80,"column":4},"end":{"line":80,"column":5}},"loc":{"start":{"line":80,"column":32},"end":{"line":104,"column":5}},"line":80},"6":{"name":"(anonymous_6)","decl":{"start":{"line":107,"column":1},"end":{"line":107,"column":2}},"loc":{"start":{"line":107,"column":38},"end":{"line":123,"column":1}},"line":107},"7":{"name":"(anonymous_7)","decl":{"start":{"line":125,"column":1},"end":{"line":125,"column":2}},"loc":{"start":{"line":125,"column":55},"end":{"line":137,"column":1}},"line":125},"8":{"name":"(anonymous_8)","decl":{"start":{"line":138,"column":1},"end":{"line":138,"column":2}},"loc":{"start":{"line":138,"column":27},"end":{"line":147,"column":1}},"line":138},"9":{"name":"(anonymous_9)","decl":{"start":{"line":139,"column":23},"end":{"line":139,"column":24}},"loc":{"start":{"line":139,"column":44},"end":{"line":146,"column":5}},"line":139},"10":{"name":"(anonymous_10)","decl":{"start":{"line":140,"column":19},"end":{"line":140,"column":20}},"loc":{"start":{"line":140,"column":25},"end":{"line":145,"column":9}},"line":140},"11":{"name":"(anonymous_11)","decl":{"start":{"line":149,"column":0},"end":{"line":149,"column":1}},"loc":{"start":{"line":149,"column":47},"end":{"line":191,"column":1}},"line":149},"12":{"name":"(anonymous_12)","decl":{"start":{"line":193,"column":0},"end":{"line":193,"column":1}},"loc":{"start":{"line":193,"column":43},"end":{"line":216,"column":1}},"line":193},"13":{"name":"(anonymous_13)","decl":{"start":{"line":218,"column":0},"end":{"line":218,"column":1}},"loc":{"start":{"line":218,"column":50},"end":{"line":238,"column":1}},"line":218},"14":{"name":"(anonymous_14)","decl":{"start":{"line":240,"column":0},"end":{"line":240,"column":1}},"loc":{"start":{"line":240,"column":48},"end":{"line":261,"column":1}},"line":240},"15":{"name":"(anonymous_15)","decl":{"start":{"line":263,"column":0},"end":{"line":263,"column":1}},"loc":{"start":{"line":263,"column":40},"end":{"line":283,"column":1}},"line":263},"16":{"name":"(anonymous_16)","decl":{"start":{"line":285,"column":0},"end":{"line":285,"column":1}},"loc":{"start":{"line":285,"column":55},"end":{"line":310,"column":1}},"line":285},"17":{"name":"(anonymous_17)","decl":{"start":{"line":316,"column":17},"end":{"line":316,"column":18}},"loc":{"start":{"line":316,"column":23},"end":{"line":319,"column":3}},"line":316}},"branchMap":{"0":{"loc":{"start":{"line":113,"column":4},"end":{"line":115,"column":5}},"type":"if","locations":[{"start":{"line":113,"column":4},"end":{"line":115,"column":5}},{"start":{},"end":{}}],"line":113},"1":{"loc":{"start":{"line":117,"column":4},"end":{"line":122,"column":5}},"type":"if","locations":[{"start":{"line":117,"column":4},"end":{"line":122,"column":5}},{"start":{"line":120,"column":9},"end":{"line":122,"column":5}}],"line":117},"2":{"loc":{"start":{"line":120,"column":9},"end":{"line":122,"column":5}},"type":"if","locations":[{"start":{"line":120,"column":9},"end":{"line":122,"column":5}},{"start":{},"end":{}}],"line":120},"3":{"loc":{"start":{"line":129,"column":4},"end":{"line":131,"column":5}},"type":"if","locations":[{"start":{"line":129,"column":4},"end":{"line":131,"column":5}},{"start":{},"end":{}}],"line":129},"4":{"loc":{"start":{"line":132,"column":4},"end":{"line":134,"column":5}},"type":"if","locations":[{"start":{"line":132,"column":4},"end":{"line":134,"column":5}},{"start":{},"end":{}}],"line":132},"5":{"loc":{"start":{"line":160,"column":8},"end":{"line":162,"column":9}},"type":"if","locations":[{"start":{"line":160,"column":8},"end":{"line":162,"column":9}},{"start":{},"end":{}}],"line":160},"6":{"loc":{"start":{"line":164,"column":8},"end":{"line":167,"column":9}},"type":"if","locations":[{"start":{"line":164,"column":8},"end":{"line":167,"column":9}},{"start":{},"end":{}}],"line":164},"7":{"loc":{"start":{"line":174,"column":16},"end":{"line":176,"column":17}},"type":"if","locations":[{"start":{"line":174,"column":16},"end":{"line":176,"column":17}},{"start":{},"end":{}}],"line":174},"8":{"loc":{"start":{"line":185,"column":8},"end":{"line":187,"column":9}},"type":"if","locations":[{"start":{"line":185,"column":8},"end":{"line":187,"column":9}},{"start":{},"end":{}}],"line":185},"9":{"loc":{"start":{"line":197,"column":4},"end":{"line":205,"column":5}},"type":"if","locations":[{"start":{"line":197,"column":4},"end":{"line":205,"column":5}},{"start":{"line":202,"column":8},"end":{"line":205,"column":5}}],"line":197},"10":{"loc":{"start":{"line":218,"column":36},"end":{"line":218,"column":49}},"type":"default-arg","locations":[{"start":{"line":218,"column":45},"end":{"line":218,"column":49}}],"line":218},"11":{"loc":{"start":{"line":222,"column":8},"end":{"line":228,"column":9}},"type":"if","locations":[{"start":{"line":222,"column":8},"end":{"line":228,"column":9}},{"start":{"line":226,"column":12},"end":{"line":228,"column":9}}],"line":222}},"s":{"0":1,"1":1,"2":1,"3":1,"4":1,"5":1,"6":1,"7":1,"8":1,"9":1,"10":0,"11":1,"12":0,"13":2,"14":2,"15":2,"16":2,"17":1,"18":1,"19":1,"20":1,"21":1,"22":1,"23":1,"24":1,"25":2,"26":2,"27":1,"28":1,"29":2,"30":2,"31":1,"32":1,"33":1,"34":1,"35":1,"36":1,"37":1,"38":1,"39":5,"40":5,"41":5,"42":2,"43":3,"44":2,"45":1,"46":1,"47":2,"48":2,"49":2,"50":1,"51":2,"52":1,"53":2,"54":5,"55":5,"56":2,"57":4,"58":4,"59":4,"60":2,"61":1,"62":1,"63":1,"64":1,"65":3,"66":3,"67":2,"68":2,"69":1,"70":4,"71":1,"72":3,"73":2,"74":2,"75":2,"76":2,"77":1,"78":0,"79":0,"80":1,"81":1,"82":2,"83":2,"84":2,"85":2,"86":0,"87":1,"88":1,"89":1,"90":2,"91":2,"92":2,"93":1,"94":1,"95":1,"96":1,"97":3,"98":3,"99":3,"100":2,"101":2,"102":1,"103":2,"104":2,"105":2,"106":1,"107":1,"108":1,"109":1,"110":1,"111":1,"112":0,"113":0},"f":{"0":0,"1":0,"2":26,"3":2,"4":2,"5":2,"6":5,"7":2,"8":5,"9":5,"10":2,"11":4,"12":2,"13":2,"14":2,"15":3,"16":2,"17":0},"b":{"0":[2,3],"1":[2,1],"2":[1,0],"3":[1,1],"4":[1,1],"5":[1,1],"6":[1,0],"7":[2,0],"8":[1,3],"9":[2,0],"10":[0],"11":[2,0]},"_coverageSchema":"1a1c01bbd47fc00a2c39e90264f33305004495a9","hash":"22e8fd99871b8b62040498c06d1eeb924d8b1860"}
,"/Users/juliantheuma/Documents/GitHub/Unit-Testing-Assignment/Backend/Stubs/Stubs_PrimaryIpApi.js": {"path":"/Users/juliantheuma/Documents/GitHub/Unit-Testing-Assignment/Backend/Stubs/Stubs_PrimaryIpApi.js","statementMap":{"0":{"start":{"line":2,"column":4},"end":{"line":17,"column":8}},"1":{"start":{"line":21,"column":4},"end":{"line":23,"column":6}},"2":{"start":{"line":26,"column":0},"end":{"line":29,"column":1}}},"fnMap":{"0":{"name":"stub_primary_ip_api_success","decl":{"start":{"line":1,"column":15},"end":{"line":1,"column":42}},"loc":{"start":{"line":1,"column":44},"end":{"line":18,"column":1}},"line":1},"1":{"name":"stub_primary_ip_api_fail","decl":{"start":{"line":20,"column":15},"end":{"line":20,"column":39}},"loc":{"start":{"line":20,"column":41},"end":{"line":24,"column":1}},"line":20}},"branchMap":{},"s":{"0":0,"1":0,"2":1},"f":{"0":0,"1":0},"b":{},"_coverageSchema":"1a1c01bbd47fc00a2c39e90264f33305004495a9","hash":"29635dd6b4f5fbd62c943336ad902aff3c378d85"}
}
