TN:
SF:index.js
FN:13,(anonymous_0)
FN:33,(anonymous_1)
FN:64,determineAirportCodeType
FN:82,calculateWeatherConditions
FN:95,fallbackTimeout
FN:96,(anonymous_5)
FN:97,(anonymous_6)
FN:106,callGeoLocationApisWithFallback
FN:150,callPrimaryIpGeolocationApi
FN:174,callSecondaryIpGeolocationApi
FN:188,callCurrentWeatherApi
FN:209,callAirportApi
FN:230,callWeatherForecastApi
FNF:13
FNH:10
FNDA:0,(anonymous_0)
FNDA:0,(anonymous_1)
FNDA:2,determineAirportCodeType
FNDA:2,calculateWeatherConditions
FNDA:1,fallbackTimeout
FNDA:1,(anonymous_5)
FNDA:1,(anonymous_6)
FNDA:0,callGeoLocationApisWithFallback
FNDA:1,callPrimaryIpGeolocationApi
FNDA:2,callSecondaryIpGeolocationApi
FNDA:1,callCurrentWeatherApi
FNDA:3,callAirportApi
FNDA:2,callWeatherForecastApi
DA:1,1
DA:2,1
DA:3,1
DA:4,1
DA:5,1
DA:7,1
DA:8,1
DA:9,1
DA:11,1
DA:13,1
DA:15,0
DA:16,0
DA:19,0
DA:20,0
DA:23,0
DA:24,0
DA:25,0
DA:28,0
DA:30,0
DA:33,1
DA:35,0
DA:36,0
DA:38,0
DA:41,0
DA:43,0
DA:44,0
DA:47,0
DA:49,0
DA:50,0
DA:52,0
DA:54,0
DA:58,0
DA:66,2
DA:67,2
DA:70,2
DA:71,0
DA:74,2
DA:75,1
DA:77,1
DA:78,1
DA:83,2
DA:84,2
DA:86,2
DA:87,1
DA:89,2
DA:90,1
DA:93,2
DA:96,1
DA:97,1
DA:98,1
DA:108,0
DA:110,0
DA:112,0
DA:117,0
DA:118,0
DA:121,0
DA:122,0
DA:123,0
DA:128,0
DA:129,0
DA:131,0
DA:132,0
DA:136,0
DA:142,0
DA:143,0
DA:145,0
DA:152,1
DA:153,1
DA:154,1
DA:156,1
DA:157,1
DA:160,0
DA:161,0
DA:163,1
DA:166,0
DA:175,2
DA:176,2
DA:177,2
DA:178,1
DA:179,1
DA:181,1
DA:190,1
DA:200,1
DA:201,1
DA:202,1
DA:203,1
DA:205,0
DA:211,3
DA:221,3
DA:222,3
DA:223,2
DA:225,1
DA:232,2
DA:246,2
DA:247,2
DA:248,1
DA:249,1
DA:251,1
DA:256,1
LF:99
LH:57
BRDA:70,0,0,0
BRDA:70,0,1,2
BRDA:74,1,0,1
BRDA:74,1,1,1
BRDA:77,2,0,1
BRDA:77,2,1,0
BRDA:86,3,0,1
BRDA:86,3,1,1
BRDA:89,4,0,1
BRDA:89,4,1,1
BRDA:117,5,0,0
BRDA:117,5,1,0
BRDA:121,6,0,0
BRDA:121,6,1,0
BRDA:131,7,0,0
BRDA:131,7,1,0
BRDA:142,8,0,0
BRDA:142,8,1,0
BRDA:154,9,0,1
BRDA:154,9,1,0
BRDA:174,10,0,0
BRF:21
BRH:9
end_of_record
