TN:
SF:index.js
FN:15,(anonymous_0)
FN:21,(anonymous_1)
FN:31,(anonymous_2)
FN:35,(anonymous_3)
FN:67,(anonymous_4)
FN:80,(anonymous_5)
FN:107,(anonymous_6)
FN:125,(anonymous_7)
FN:138,(anonymous_8)
FN:139,(anonymous_9)
FN:140,(anonymous_10)
FN:149,(anonymous_11)
FN:193,(anonymous_12)
FN:218,(anonymous_13)
FN:240,(anonymous_14)
FN:263,(anonymous_15)
FN:285,(anonymous_16)
FN:316,(anonymous_17)
FNF:18
FNH:15
FNDA:0,(anonymous_0)
FNDA:0,(anonymous_1)
FNDA:26,(anonymous_2)
FNDA:2,(anonymous_3)
FNDA:2,(anonymous_4)
FNDA:2,(anonymous_5)
FNDA:5,(anonymous_6)
FNDA:2,(anonymous_7)
FNDA:5,(anonymous_8)
FNDA:5,(anonymous_9)
FNDA:2,(anonymous_10)
FNDA:4,(anonymous_11)
FNDA:2,(anonymous_12)
FNDA:2,(anonymous_13)
FNDA:2,(anonymous_14)
FNDA:3,(anonymous_15)
FNDA:2,(anonymous_16)
FNDA:0,(anonymous_17)
DA:1,1
DA:2,1
DA:3,1
DA:4,1
DA:5,1
DA:7,1
DA:8,1
DA:9,1
DA:13,1
DA:15,1
DA:17,0
DA:21,1
DA:23,0
DA:37,2
DA:38,2
DA:40,2
DA:43,2
DA:45,1
DA:46,1
DA:49,1
DA:51,1
DA:52,1
DA:54,1
DA:56,1
DA:60,1
DA:68,2
DA:70,2
DA:71,1
DA:74,1
DA:82,2
DA:84,2
DA:87,1
DA:88,1
DA:91,1
DA:92,1
DA:93,1
DA:96,1
DA:97,1
DA:102,1
DA:109,5
DA:110,5
DA:113,5
DA:114,2
DA:117,3
DA:118,2
DA:120,1
DA:121,1
DA:126,2
DA:127,2
DA:129,2
DA:130,1
DA:132,2
DA:133,1
DA:136,2
DA:139,5
DA:140,5
DA:141,2
DA:151,4
DA:153,4
DA:155,4
DA:160,2
DA:161,1
DA:164,1
DA:165,1
DA:166,1
DA:171,3
DA:172,3
DA:174,2
DA:175,2
DA:179,1
DA:185,4
DA:186,1
DA:188,3
DA:195,2
DA:196,2
DA:197,2
DA:199,2
DA:200,1
DA:203,0
DA:204,0
DA:207,1
DA:210,1
DA:219,2
DA:220,2
DA:222,2
DA:224,2
DA:227,0
DA:230,1
DA:231,1
DA:233,1
DA:242,2
DA:252,2
DA:253,2
DA:254,1
DA:256,1
DA:258,1
DA:259,1
DA:265,3
DA:275,3
DA:276,3
DA:277,2
DA:278,2
DA:280,1
DA:287,2
DA:301,2
DA:302,2
DA:303,1
DA:304,1
DA:306,1
DA:307,1
DA:313,1
DA:316,1
DA:317,0
DA:318,0
LF:114
LH:107
BRDA:113,0,0,2
BRDA:113,0,1,3
BRDA:117,1,0,2
BRDA:117,1,1,1
BRDA:120,2,0,1
BRDA:120,2,1,0
BRDA:129,3,0,1
BRDA:129,3,1,1
BRDA:132,4,0,1
BRDA:132,4,1,1
BRDA:160,5,0,1
BRDA:160,5,1,1
BRDA:164,6,0,1
BRDA:164,6,1,0
BRDA:174,7,0,2
BRDA:174,7,1,0
BRDA:185,8,0,1
BRDA:185,8,1,3
BRDA:197,9,0,2
BRDA:197,9,1,0
BRDA:218,10,0,0
BRDA:222,11,0,2
BRDA:222,11,1,0
BRF:23
BRH:17
end_of_record
TN:
SF:Stubs/Stubs_PrimaryIpApi.js
FN:1,stub_primary_ip_api_success
FN:20,stub_primary_ip_api_fail
FNF:2
FNH:0
FNDA:0,stub_primary_ip_api_success
FNDA:0,stub_primary_ip_api_fail
DA:2,0
DA:21,0
DA:26,1
LF:3
LH:1
BRF:0
BRH:0
end_of_record
